This file contains any messages produced by compilers while
running configure, to aid debugging if configure makes a mistake.

It was created by globalplatform configure 6.0.0, which was
generated by GNU Autoconf 2.65.  Invocation command line was

  $ ./configure PCSCLITE_CFLAGS=-I/usr/local/opt/pcsc-lite/include/PCSC

## --------- ##
## Platform. ##
## --------- ##

hostname = jfentmac
uname -m = x86_64
uname -r = 15.6.0
uname -s = Darwin
uname -v = Darwin Kernel Version 15.6.0: Thu Jun 23 18:25:34 PDT 2016; root:xnu-3248.60.10~1/RELEASE_X86_64

/usr/bin/uname -p = i386
/bin/uname -X     = unknown

/bin/arch              = unknown
/usr/bin/arch -k       = unknown
/usr/convex/getsysinfo = unknown
/usr/bin/hostinfo      = Mach kernel version:
	 Darwin Kernel Version 15.6.0: Thu Jun 23 18:25:34 PDT 2016; root:xnu-3248.60.10~1/RELEASE_X86_64
Kernel configured for up to 4 processors.
2 processors are physically available.
4 processors are logically available.
Processor type: x86_64h (Intel x86-64h Haswell)
Processors active: 0 1 2 3
Primary memory available: 8.00 gigabytes
Default processor set: 366 tasks, 2042 threads, 4 processors
Load average: 1.13, Mach factor: 2.86
/bin/machine           = unknown
/usr/bin/oslevel       = unknown
/bin/universe          = unknown

PATH: /Users/jacobfenton/.nimble/bin
PATH: /Users/jacobfenton/.local/bin
PATH: /opt/local/bin
PATH: /opt/local/sbin
PATH: /usr/local
PATH: /Users/jacobfenton/Library/Android/sdk/platform-tools
PATH: /Users/jacobfenton/.rvm/gems/ruby-2.2.2/bin
PATH: /Users/jacobfenton/.rvm/gems/ruby-2.2.2@global/bin
PATH: /Users/jacobfenton/.rvm/rubies/ruby-2.2.2/bin
PATH: /usr/local/bin
PATH: /usr/bin
PATH: /bin
PATH: /usr/sbin
PATH: /sbin
PATH: /opt/X11/bin
PATH: /usr/local/go/bin
PATH: /usr/texbin
PATH: /Users/jacobfenton/.nimble/bin
PATH: /Users/jacobfenton/.local/bin
PATH: /opt/local/bin
PATH: /opt/local/sbin
PATH: /usr/local
PATH: /Users/jacobfenton/Library/Android/sdk/platform-tools
PATH: /Users/jacobfenton/.rvm/gems/ruby-2.2.2/bin
PATH: /Users/jacobfenton/.rvm/gems/ruby-2.2.2@global/bin
PATH: /Users/jacobfenton/.rvm/rubies/ruby-2.2.2/bin
PATH: /Users/jacobfenton/.rvm/bin
PATH: /Users/jacobfenton/Desktop/GoProjects/bin
PATH: /Users/jacobfenton/.cabal/bin
PATH: /usr/local/heroku/bin
PATH: /Users/jacobfenton/Desktop/apache-maven-3.3.9/bin
PATH: /Users/jacobfenton/Desktop/protoc-3.0.0-osx-x86_64/bin
PATH: /Users/jacobfenton/Desktop/GoProjects/bin
PATH: /Users/jacobfenton/.cabal/bin
PATH: /usr/local/heroku/bin
PATH: /Users/jacobfenton/Desktop/apache-maven-3.3.9/bin
PATH: /Users/jacobfenton/Desktop/protoc-3.0.0-osx-x86_64/bin
PATH: /Users/jacobfenton/.rvm/bin


## ----------- ##
## Core tests. ##
## ----------- ##

configure:2369: checking for a BSD-compatible install
configure:2437: result: /usr/local/bin/ginstall -c
configure:2448: checking whether build environment is sane
configure:2498: result: yes
configure:2639: checking for a thread-safe mkdir -p
configure:2678: result: /usr/local/bin/gmkdir -p
configure:2691: checking for gawk
configure:2721: result: no
configure:2691: checking for mawk
configure:2721: result: no
configure:2691: checking for nawk
configure:2721: result: no
configure:2691: checking for awk
configure:2707: found /usr/bin/awk
configure:2718: result: awk
configure:2729: checking whether make sets $(MAKE)
configure:2751: result: yes
configure:2885: checking for gcc
configure:2901: found /usr/bin/gcc
configure:2912: result: gcc
configure:3141: checking for C compiler version
configure:3150: gcc --version >&5
Apple LLVM version 7.3.0 (clang-703.0.31)
Target: x86_64-apple-darwin15.6.0
Thread model: posix
InstalledDir: /Applications/Xcode.app/Contents/Developer/Toolchains/XcodeDefault.xctoolchain/usr/bin
Configured with: --prefix=/Applications/Xcode.app/Contents/Developer/usr --with-gxx-include-dir=/usr/include/c++/4.2.1
configure:3161: $? = 0
configure:3150: gcc -v >&5
Configured with: --prefix=/Applications/Xcode.app/Contents/Developer/usr --with-gxx-include-dir=/usr/include/c++/4.2.1
Apple LLVM version 7.3.0 (clang-703.0.31)
Target: x86_64-apple-darwin15.6.0
Thread model: posix
InstalledDir: /Applications/Xcode.app/Contents/Developer/Toolchains/XcodeDefault.xctoolchain/usr/bin
configure:3161: $? = 0
configure:3150: gcc -V >&5
clang: error: argument to '-V' is missing (expected 1 value)
clang: error: no input files
configure:3161: $? = 1
configure:3150: gcc -qversion >&5
clang: error: unknown argument: '-qversion'
clang: error: no input files
configure:3161: $? = 1
configure:3181: checking whether the C compiler works
configure:3203: gcc -I/opt/local/include   conftest.c  >&5
configure:3207: $? = 0
configure:3256: result: yes
configure:3259: checking for C compiler default output file name
configure:3261: result: a.out
configure:3267: checking for suffix of executables
configure:3274: gcc -o conftest -I/opt/local/include   conftest.c  >&5
configure:3278: $? = 0
configure:3300: result: 
configure:3322: checking whether we are cross compiling
configure:3330: gcc -o conftest -I/opt/local/include   conftest.c  >&5
configure:3334: $? = 0
configure:3341: ./conftest
configure:3345: $? = 0
configure:3360: result: no
configure:3365: checking for suffix of object files
configure:3387: gcc -c -I/opt/local/include  conftest.c >&5
configure:3391: $? = 0
configure:3412: result: o
configure:3416: checking whether we are using the GNU C compiler
configure:3435: gcc -c -I/opt/local/include  conftest.c >&5
configure:3435: $? = 0
configure:3444: result: yes
configure:3453: checking whether gcc accepts -g
configure:3473: gcc -c -g  conftest.c >&5
configure:3473: $? = 0
configure:3514: result: yes
configure:3531: checking for gcc option to accept ISO C89
configure:3595: gcc  -c -I/opt/local/include  conftest.c >&5
configure:3595: $? = 0
configure:3608: result: none needed
configure:3639: checking for style of include used by make
configure:3667: result: GNU
configure:3692: checking dependency style of gcc
configure:3802: result: gcc3
configure:3822: checking how to run the C preprocessor
configure:3853: gcc -E  conftest.c
configure:3853: $? = 0
configure:3867: gcc -E  conftest.c
conftest.c:11:10: fatal error: 'ac_nonexistent.h' file not found
#include <ac_nonexistent.h>
         ^
1 error generated.
configure:3867: $? = 1
configure: failed program was:
| /* confdefs.h */
| #define PACKAGE_NAME "globalplatform"
| #define PACKAGE_TARNAME "globalplatform"
| #define PACKAGE_VERSION "6.0.0"
| #define PACKAGE_STRING "globalplatform 6.0.0"
| #define PACKAGE_BUGREPORT "k_o_@users.sourceforge.net"
| #define PACKAGE_URL ""
| #define PACKAGE "globalplatform"
| #define VERSION "6.0.0"
| /* end confdefs.h.  */
| #include <ac_nonexistent.h>
configure:3892: result: gcc -E
configure:3912: gcc -E  conftest.c
configure:3912: $? = 0
configure:3926: gcc -E  conftest.c
conftest.c:11:10: fatal error: 'ac_nonexistent.h' file not found
#include <ac_nonexistent.h>
         ^
1 error generated.
configure:3926: $? = 1
configure: failed program was:
| /* confdefs.h */
| #define PACKAGE_NAME "globalplatform"
| #define PACKAGE_TARNAME "globalplatform"
| #define PACKAGE_VERSION "6.0.0"
| #define PACKAGE_STRING "globalplatform 6.0.0"
| #define PACKAGE_BUGREPORT "k_o_@users.sourceforge.net"
| #define PACKAGE_URL ""
| #define PACKAGE "globalplatform"
| #define VERSION "6.0.0"
| /* end confdefs.h.  */
| #include <ac_nonexistent.h>
configure:3961: checking build system type
configure:3975: result: i386-apple-darwin15.6.0
configure:3995: checking host system type
configure:4008: result: i386-apple-darwin15.6.0
configure:4370: checking for a sed that does not truncate output
configure:4434: result: /usr/bin/sed
configure:4452: checking for grep that handles long lines and -e
configure:4510: result: /usr/bin/grep
configure:4515: checking for egrep
configure:4577: result: /usr/bin/grep -E
configure:4582: checking for fgrep
configure:4644: result: /usr/bin/grep -F
configure:4679: checking for ld used by gcc
configure:4746: result: /Applications/Xcode.app/Contents/Developer/Toolchains/XcodeDefault.xctoolchain/usr/bin/ld
configure:4753: checking if the linker (/Applications/Xcode.app/Contents/Developer/Toolchains/XcodeDefault.xctoolchain/usr/bin/ld) is GNU ld
configure:4768: result: no
configure:4780: checking for BSD- or MS-compatible name lister (nm)
configure:4829: result: /usr/bin/nm -B
configure:4947: checking the name lister (/usr/bin/nm -B) interface
configure:4954: gcc -c -I/opt/local/include  conftest.c >&5
configure:4957: /usr/bin/nm -B "conftest.o"
configure:4960: output
0000000000000000 S _some_variable
configure:4967: result: BSD nm
configure:4970: checking whether ln -s works
configure:4974: result: yes
configure:4982: checking the maximum length of command line arguments
configure:5102: result: 196608
configure:5119: checking whether the shell understands some XSI constructs
configure:5129: result: yes
configure:5133: checking whether the shell understands "+="
configure:5139: result: yes
configure:5174: checking for /Applications/Xcode.app/Contents/Developer/Toolchains/XcodeDefault.xctoolchain/usr/bin/ld option to reload object files
configure:5181: result: -r
configure:5250: checking for objdump
configure:5280: result: no
configure:5306: checking how to recognize dependent libraries
configure:5502: result: pass_all
configure:5562: checking for ar
configure:5578: found /usr/bin/ar
configure:5589: result: ar
configure:5667: checking for strip
configure:5683: found /usr/bin/strip
configure:5694: result: strip
configure:5766: checking for ranlib
configure:5782: found /usr/bin/ranlib
configure:5793: result: ranlib
configure:5883: checking command to parse /usr/bin/nm -B output from gcc object
configure:6001: gcc -c -I/opt/local/include  conftest.c >&5
configure:6004: $? = 0
configure:6008: /usr/bin/nm -B conftest.o \| sed -n -e 's/^.*[	 ]\([BCDEGRST][BCDEGRST]*\)[	 ][	 ]*\([_A-Za-z][_A-Za-z0-9]*\)$/\1 \2 \2/p' \> conftest.nm
configure:6011: $? = 0
cannot find nm_test_var in conftest.nm
configure:6001: gcc -c -I/opt/local/include  conftest.c >&5
configure:6004: $? = 0
configure:6008: /usr/bin/nm -B conftest.o \| sed -n -e 's/^.*[	 ]\([BCDEGRST][BCDEGRST]*\)[	 ][	 ]*_\([_A-Za-z][_A-Za-z0-9]*\)$/\1 _\2 \2/p' \> conftest.nm
configure:6011: $? = 0
configure:6065: gcc -o conftest -I/opt/local/include  -framework PCSC  conftest.c conftstm.o >&5
configure:6068: $? = 0
configure:6106: result: ok
configure:6371: checking for dsymutil
configure:6387: found /usr/bin/dsymutil
configure:6398: result: dsymutil
configure:6463: checking for nmedit
configure:6479: found /usr/bin/nmedit
configure:6490: result: nmedit
configure:6555: checking for lipo
configure:6571: found /usr/bin/lipo
configure:6582: result: lipo
configure:6647: checking for otool
configure:6663: found /usr/bin/otool
configure:6674: result: otool
configure:6739: checking for otool64
configure:6769: result: no
configure:6814: checking for -single_module linker flag
gcc -I/opt/local/include -framework PCSC  -o libconftest.dylib -dynamiclib -Wl,-single_module conftest.c
configure:6841: result: yes
configure:6843: checking for -exported_symbols_list linker flag
configure:6863: gcc -o conftest -I/opt/local/include  -framework PCSC  -Wl,-exported_symbols_list,conftest.sym conftest.c  >&5
configure:6863: $? = 0
configure:6873: result: yes
configure:6911: checking for ANSI C header files
configure:6931: gcc -c -I/opt/local/include  conftest.c >&5
configure:6931: $? = 0
configure:7004: gcc -o conftest -I/opt/local/include  -framework PCSC  conftest.c  >&5
configure:7004: $? = 0
configure:7004: ./conftest
configure:7004: $? = 0
configure:7015: result: yes
configure:7028: checking for sys/types.h
configure:7028: gcc -c -I/opt/local/include  conftest.c >&5
configure:7028: $? = 0
configure:7028: result: yes
configure:7028: checking for sys/stat.h
configure:7028: gcc -c -I/opt/local/include  conftest.c >&5
configure:7028: $? = 0
configure:7028: result: yes
configure:7028: checking for stdlib.h
configure:7028: gcc -c -I/opt/local/include  conftest.c >&5
configure:7028: $? = 0
configure:7028: result: yes
configure:7028: checking for string.h
configure:7028: gcc -c -I/opt/local/include  conftest.c >&5
configure:7028: $? = 0
configure:7028: result: yes
configure:7028: checking for memory.h
configure:7028: gcc -c -I/opt/local/include  conftest.c >&5
configure:7028: $? = 0
configure:7028: result: yes
configure:7028: checking for strings.h
configure:7028: gcc -c -I/opt/local/include  conftest.c >&5
configure:7028: $? = 0
configure:7028: result: yes
configure:7028: checking for inttypes.h
configure:7028: gcc -c -I/opt/local/include  conftest.c >&5
configure:7028: $? = 0
configure:7028: result: yes
configure:7028: checking for stdint.h
configure:7028: gcc -c -I/opt/local/include  conftest.c >&5
configure:7028: $? = 0
configure:7028: result: yes
configure:7028: checking for unistd.h
configure:7028: gcc -c -I/opt/local/include  conftest.c >&5
configure:7028: $? = 0
configure:7028: result: yes
configure:7043: checking for dlfcn.h
configure:7043: gcc -c -I/opt/local/include  conftest.c >&5
configure:7043: $? = 0
configure:7043: result: yes
configure:7225: checking for objdir
configure:7240: result: .libs
configure:7532: checking if gcc supports -fno-rtti -fno-exceptions
configure:7550: gcc -c -I/opt/local/include  -fno-rtti -fno-exceptions conftest.c >&5
configure:7554: $? = 0
configure:7567: result: yes
configure:7587: checking for gcc option to produce PIC
configure:7859: result: -fno-common -DPIC
configure:7871: checking if gcc PIC flag -fno-common -DPIC works
configure:7889: gcc -c -I/opt/local/include  -fno-common -DPIC -DPIC conftest.c >&5
configure:7893: $? = 0
configure:7906: result: yes
configure:7930: checking if gcc static flag -static works
configure:7958: result: no
configure:7973: checking if gcc supports -c -o file.o
configure:7994: gcc -c -I/opt/local/include  -o out/conftest2.o conftest.c >&5
configure:7998: $? = 0
configure:8020: result: yes
configure:8028: checking if gcc supports -c -o file.o
configure:8075: result: yes
configure:8108: checking whether the gcc linker (/Applications/Xcode.app/Contents/Developer/Toolchains/XcodeDefault.xctoolchain/usr/bin/ld) supports shared libraries
configure:9099: result: yes
configure:9338: checking dynamic linker characteristics
configure:10001: result: darwin15.6.0 dyld
configure:10103: checking how to hardcode library paths into programs
configure:10128: result: immediate
configure:10648: checking whether stripping libraries is possible
configure:10662: result: yes
configure:10688: checking if libtool supports shared libraries
configure:10690: result: yes
configure:10693: checking whether to build shared libraries
configure:10714: result: yes
configure:10717: checking whether to build static libraries
configure:10721: result: yes
configure:10757: checking whether gcc and cc understand -c and -o together
configure:10788: gcc -c conftest.c -o conftest2.o >&5
configure:10792: $? = 0
configure:10798: gcc -c conftest.c -o conftest2.o >&5
configure:10802: $? = 0
configure:10813: cc -c conftest.c >&5
configure:10817: $? = 0
configure:10825: cc -c conftest.c -o conftest2.o >&5
configure:10829: $? = 0
configure:10835: cc -c conftest.c -o conftest2.o >&5
configure:10839: $? = 0
configure:10857: result: yes
configure:10884: checking for ANSI C header files
configure:10988: result: yes
configure:10996: checking stdio.h usability
configure:10996: gcc -c -I/opt/local/include  conftest.c >&5
configure:10996: $? = 0
configure:10996: result: yes
configure:10996: checking stdio.h presence
configure:10996: gcc -E  conftest.c
configure:10996: $? = 0
configure:10996: result: yes
configure:10996: checking for stdio.h
configure:10996: result: yes
configure:11006: checking for stdlib.h
configure:11006: result: yes
configure:11016: checking for GNU libc compatible malloc
configure:11040: gcc -o conftest -I/opt/local/include  -framework PCSC  conftest.c  >&5
configure:11040: $? = 0
configure:11040: ./conftest
configure:11040: $? = 0
configure:11050: result: yes
configure:11073: checking for vprintf
configure:11073: gcc -o conftest -I/opt/local/include  -framework PCSC  conftest.c  >&5
conftest.c:50:6: warning: incompatible redeclaration of library function 'vprintf' [-Wincompatible-library-redeclaration]
char vprintf ();
     ^
conftest.c:50:6: note: 'vprintf' is a builtin with type 'int (const char *, struct __va_list_tag *)'
1 warning generated.
configure:11073: $? = 0
configure:11073: result: yes
configure:11079: checking for _doprnt
configure:11079: gcc -o conftest -I/opt/local/include  -framework PCSC  conftest.c  >&5
Undefined symbols for architecture x86_64:
  "__doprnt", referenced from:
      _main in conftest-717f8f.o
ld: symbol(s) not found for architecture x86_64
clang: error: linker command failed with exit code 1 (use -v to see invocation)
configure:11079: $? = 1
configure: failed program was:
| /* confdefs.h */
| #define PACKAGE_NAME "globalplatform"
| #define PACKAGE_TARNAME "globalplatform"
| #define PACKAGE_VERSION "6.0.0"
| #define PACKAGE_STRING "globalplatform 6.0.0"
| #define PACKAGE_BUGREPORT "k_o_@users.sourceforge.net"
| #define PACKAGE_URL ""
| #define PACKAGE "globalplatform"
| #define VERSION "6.0.0"
| #define MACOSX 1
| #define STDC_HEADERS 1
| #define HAVE_SYS_TYPES_H 1
| #define HAVE_SYS_STAT_H 1
| #define HAVE_STDLIB_H 1
| #define HAVE_STRING_H 1
| #define HAVE_MEMORY_H 1
| #define HAVE_STRINGS_H 1
| #define HAVE_INTTYPES_H 1
| #define HAVE_STDINT_H 1
| #define HAVE_UNISTD_H 1
| #define HAVE_DLFCN_H 1
| #define LT_OBJDIR ".libs/"
| #define STDC_HEADERS 1
| #define HAVE_STDLIB_H 1
| #define HAVE_MALLOC 1
| #define HAVE_VPRINTF 1
| /* end confdefs.h.  */
| /* Define _doprnt to an innocuous variant, in case <limits.h> declares _doprnt.
|    For example, HP-UX 11i <limits.h> declares gettimeofday.  */
| #define _doprnt innocuous__doprnt
| 
| /* System header to define __stub macros and hopefully few prototypes,
|     which can conflict with char _doprnt (); below.
|     Prefer <limits.h> to <assert.h> if __STDC__ is defined, since
|     <limits.h> exists even on freestanding compilers.  */
| 
| #ifdef __STDC__
| # include <limits.h>
| #else
| # include <assert.h>
| #endif
| 
| #undef _doprnt
| 
| /* Override any GCC internal prototype to avoid an error.
|    Use char because int might match the return type of a GCC
|    builtin and then its argument prototype would still apply.  */
| #ifdef __cplusplus
| extern "C"
| #endif
| char _doprnt ();
| /* The GNU C library defines this for functions which it implements
|     to always fail with ENOSYS.  Some functions are actually named
|     something starting with __ and the normal name is an alias.  */
| #if defined __stub__doprnt || defined __stub____doprnt
| choke me
| #endif
| 
| int
| main ()
| {
| return _doprnt ();
|   ;
|   return 0;
| }
configure:11079: result: no
configure:11093: checking for memcpy
configure:11093: gcc -o conftest -I/opt/local/include  -framework PCSC  conftest.c  >&5
conftest.c:51:6: warning: incompatible redeclaration of library function 'memcpy' [-Wincompatible-library-redeclaration]
char memcpy ();
     ^
conftest.c:51:6: note: 'memcpy' is a builtin with type 'void *(void *, const void *, unsigned long)'
1 warning generated.
configure:11093: $? = 0
configure:11093: result: yes
configure:11093: checking for vsyslog
configure:11093: gcc -o conftest -I/opt/local/include  -framework PCSC  conftest.c  >&5
configure:11093: $? = 0
configure:11093: result: yes
configure:11106: checking CFLAGS for maximum warnings
configure:11133: gcc -c -I/opt/local/include -pedantic  -Wall  conftest.c >&5
configure:11133: $? = 0
configure:11147: result: -Wall
configure:11160: : CFLAGS="$CFLAGS $ac_cv_cflags_warn_all"
configure:11163: $? = 0
configure:11261: checking for pkg-config
configure:11279: found /usr/local/bin/pkg-config
configure:11291: result: /usr/local/bin/pkg-config
configure:11316: checking pkg-config is at least version 0.9.0
configure:11319: result: yes
configure:11330: checking for PCSCLITE
configure:11356: $PKG_CONFIG --exists --print-errors "libpcsclite >= 1.2.9-beta7"
Package libpcsclite was not found in the pkg-config search path.
Perhaps you should add the directory containing `libpcsclite.pc'
to the PKG_CONFIG_PATH environment variable
No package 'libpcsclite' found
configure:11359: $? = 1
No package 'libpcsclite' found
configure:11387: result: no
configure:11392: WARNING: install pcsc-lite 1.2.9-beta7 or later
configure:11430: checking winscard.h usability
configure:11430: gcc -c -I/opt/local/include -Wall -I/usr/local/opt/pcsc-lite/include/PCSC  conftest.c >&5
configure:11430: $? = 0
configure:11430: result: yes
configure:11430: checking winscard.h presence
configure:11430: gcc -E  conftest.c
conftest.c:30:10: fatal error: 'winscard.h' file not found
#include <winscard.h>
         ^
1 error generated.
configure:11430: $? = 1
configure: failed program was:
| /* confdefs.h */
| #define PACKAGE_NAME "globalplatform"
| #define PACKAGE_TARNAME "globalplatform"
| #define PACKAGE_VERSION "6.0.0"
| #define PACKAGE_STRING "globalplatform 6.0.0"
| #define PACKAGE_BUGREPORT "k_o_@users.sourceforge.net"
| #define PACKAGE_URL ""
| #define PACKAGE "globalplatform"
| #define VERSION "6.0.0"
| #define MACOSX 1
| #define STDC_HEADERS 1
| #define HAVE_SYS_TYPES_H 1
| #define HAVE_SYS_STAT_H 1
| #define HAVE_STDLIB_H 1
| #define HAVE_STRING_H 1
| #define HAVE_MEMORY_H 1
| #define HAVE_STRINGS_H 1
| #define HAVE_INTTYPES_H 1
| #define HAVE_STDINT_H 1
| #define HAVE_UNISTD_H 1
| #define HAVE_DLFCN_H 1
| #define LT_OBJDIR ".libs/"
| #define STDC_HEADERS 1
| #define HAVE_STDLIB_H 1
| #define HAVE_MALLOC 1
| #define HAVE_VPRINTF 1
| #define HAVE_MEMCPY 1
| #define HAVE_VSYSLOG 1
| /* end confdefs.h.  */
| #include <winscard.h>
configure:11430: result: no
configure:11430: WARNING: winscard.h: accepted by the compiler, rejected by the preprocessor!
configure:11430: WARNING: winscard.h: proceeding with the compiler's result
configure:11430: checking for winscard.h
configure:11430: result: yes
configure:11512: checking zconf.h usability
configure:11512: gcc -c -I/opt/local/include -Wall  conftest.c >&5
configure:11512: $? = 0
configure:11512: result: yes
configure:11512: checking zconf.h presence
configure:11512: gcc -E  conftest.c
configure:11512: $? = 0
configure:11512: result: yes
configure:11512: checking for zconf.h
configure:11512: result: yes
configure:11512: checking zlib.h usability
configure:11512: gcc -c -I/opt/local/include -Wall  conftest.c >&5
configure:11512: $? = 0
configure:11512: result: yes
configure:11512: checking zlib.h presence
configure:11512: gcc -E  conftest.c
configure:11512: $? = 0
configure:11512: result: yes
configure:11512: checking for zlib.h
configure:11512: result: yes
configure:11527: checking for gzopen in -lz
configure:11552: gcc -o conftest -I/opt/local/include -Wall  -framework PCSC  conftest.c -lz   >&5
configure:11552: $? = 0
configure:11561: result: yes
configure:11584: checking openssl/rand.h usability
configure:11584: gcc -c -I/opt/local/include -Wall  conftest.c >&5
configure:11584: $? = 0
configure:11584: result: yes
configure:11584: checking openssl/rand.h presence
configure:11584: gcc -E  conftest.c
conftest.c:33:10: fatal error: 'openssl/rand.h' file not found
#include <openssl/rand.h>
         ^
1 error generated.
configure:11584: $? = 1
configure: failed program was:
| /* confdefs.h */
| #define PACKAGE_NAME "globalplatform"
| #define PACKAGE_TARNAME "globalplatform"
| #define PACKAGE_VERSION "6.0.0"
| #define PACKAGE_STRING "globalplatform 6.0.0"
| #define PACKAGE_BUGREPORT "k_o_@users.sourceforge.net"
| #define PACKAGE_URL ""
| #define PACKAGE "globalplatform"
| #define VERSION "6.0.0"
| #define MACOSX 1
| #define STDC_HEADERS 1
| #define HAVE_SYS_TYPES_H 1
| #define HAVE_SYS_STAT_H 1
| #define HAVE_STDLIB_H 1
| #define HAVE_STRING_H 1
| #define HAVE_MEMORY_H 1
| #define HAVE_STRINGS_H 1
| #define HAVE_INTTYPES_H 1
| #define HAVE_STDINT_H 1
| #define HAVE_UNISTD_H 1
| #define HAVE_DLFCN_H 1
| #define LT_OBJDIR ".libs/"
| #define STDC_HEADERS 1
| #define HAVE_STDLIB_H 1
| #define HAVE_MALLOC 1
| #define HAVE_VPRINTF 1
| #define HAVE_MEMCPY 1
| #define HAVE_VSYSLOG 1
| #define HAVE_ZCONF_H 1
| #define HAVE_ZLIB_H 1
| #define HAVE_LIBZ 1
| /* end confdefs.h.  */
| #include <openssl/rand.h>
configure:11584: result: no
configure:11584: WARNING: openssl/rand.h: accepted by the compiler, rejected by the preprocessor!
configure:11584: WARNING: openssl/rand.h: proceeding with the compiler's result
configure:11584: checking for openssl/rand.h
configure:11584: result: yes
configure:11584: checking openssl/err.h usability
configure:11584: gcc -c -I/opt/local/include -Wall  conftest.c >&5
configure:11584: $? = 0
configure:11584: result: yes
configure:11584: checking openssl/err.h presence
configure:11584: gcc -E  conftest.c
conftest.c:34:10: fatal error: 'openssl/err.h' file not found
#include <openssl/err.h>
         ^
1 error generated.
configure:11584: $? = 1
configure: failed program was:
| /* confdefs.h */
| #define PACKAGE_NAME "globalplatform"
| #define PACKAGE_TARNAME "globalplatform"
| #define PACKAGE_VERSION "6.0.0"
| #define PACKAGE_STRING "globalplatform 6.0.0"
| #define PACKAGE_BUGREPORT "k_o_@users.sourceforge.net"
| #define PACKAGE_URL ""
| #define PACKAGE "globalplatform"
| #define VERSION "6.0.0"
| #define MACOSX 1
| #define STDC_HEADERS 1
| #define HAVE_SYS_TYPES_H 1
| #define HAVE_SYS_STAT_H 1
| #define HAVE_STDLIB_H 1
| #define HAVE_STRING_H 1
| #define HAVE_MEMORY_H 1
| #define HAVE_STRINGS_H 1
| #define HAVE_INTTYPES_H 1
| #define HAVE_STDINT_H 1
| #define HAVE_UNISTD_H 1
| #define HAVE_DLFCN_H 1
| #define LT_OBJDIR ".libs/"
| #define STDC_HEADERS 1
| #define HAVE_STDLIB_H 1
| #define HAVE_MALLOC 1
| #define HAVE_VPRINTF 1
| #define HAVE_MEMCPY 1
| #define HAVE_VSYSLOG 1
| #define HAVE_ZCONF_H 1
| #define HAVE_ZLIB_H 1
| #define HAVE_LIBZ 1
| #define HAVE_OPENSSL_RAND_H 1
| /* end confdefs.h.  */
| #include <openssl/err.h>
configure:11584: result: no
configure:11584: WARNING: openssl/err.h: accepted by the compiler, rejected by the preprocessor!
configure:11584: WARNING: openssl/err.h: proceeding with the compiler's result
configure:11584: checking for openssl/err.h
configure:11584: result: yes
configure:11584: checking openssl/evp.h usability
configure:11584: gcc -c -I/opt/local/include -Wall  conftest.c >&5
configure:11584: $? = 0
configure:11584: result: yes
configure:11584: checking openssl/evp.h presence
configure:11584: gcc -E  conftest.c
conftest.c:35:10: fatal error: 'openssl/evp.h' file not found
#include <openssl/evp.h>
         ^
1 error generated.
configure:11584: $? = 1
configure: failed program was:
| /* confdefs.h */
| #define PACKAGE_NAME "globalplatform"
| #define PACKAGE_TARNAME "globalplatform"
| #define PACKAGE_VERSION "6.0.0"
| #define PACKAGE_STRING "globalplatform 6.0.0"
| #define PACKAGE_BUGREPORT "k_o_@users.sourceforge.net"
| #define PACKAGE_URL ""
| #define PACKAGE "globalplatform"
| #define VERSION "6.0.0"
| #define MACOSX 1
| #define STDC_HEADERS 1
| #define HAVE_SYS_TYPES_H 1
| #define HAVE_SYS_STAT_H 1
| #define HAVE_STDLIB_H 1
| #define HAVE_STRING_H 1
| #define HAVE_MEMORY_H 1
| #define HAVE_STRINGS_H 1
| #define HAVE_INTTYPES_H 1
| #define HAVE_STDINT_H 1
| #define HAVE_UNISTD_H 1
| #define HAVE_DLFCN_H 1
| #define LT_OBJDIR ".libs/"
| #define STDC_HEADERS 1
| #define HAVE_STDLIB_H 1
| #define HAVE_MALLOC 1
| #define HAVE_VPRINTF 1
| #define HAVE_MEMCPY 1
| #define HAVE_VSYSLOG 1
| #define HAVE_ZCONF_H 1
| #define HAVE_ZLIB_H 1
| #define HAVE_LIBZ 1
| #define HAVE_OPENSSL_RAND_H 1
| #define HAVE_OPENSSL_ERR_H 1
| /* end confdefs.h.  */
| #include <openssl/evp.h>
configure:11584: result: no
configure:11584: WARNING: openssl/evp.h: accepted by the compiler, rejected by the preprocessor!
configure:11584: WARNING: openssl/evp.h: proceeding with the compiler's result
configure:11584: checking for openssl/evp.h
configure:11584: result: yes
configure:11584: checking openssl/pem.h usability
configure:11584: gcc -c -I/opt/local/include -Wall  conftest.c >&5
configure:11584: $? = 0
configure:11584: result: yes
configure:11584: checking openssl/pem.h presence
configure:11584: gcc -E  conftest.c
conftest.c:36:10: fatal error: 'openssl/pem.h' file not found
#include <openssl/pem.h>
         ^
1 error generated.
configure:11584: $? = 1
configure: failed program was:
| /* confdefs.h */
| #define PACKAGE_NAME "globalplatform"
| #define PACKAGE_TARNAME "globalplatform"
| #define PACKAGE_VERSION "6.0.0"
| #define PACKAGE_STRING "globalplatform 6.0.0"
| #define PACKAGE_BUGREPORT "k_o_@users.sourceforge.net"
| #define PACKAGE_URL ""
| #define PACKAGE "globalplatform"
| #define VERSION "6.0.0"
| #define MACOSX 1
| #define STDC_HEADERS 1
| #define HAVE_SYS_TYPES_H 1
| #define HAVE_SYS_STAT_H 1
| #define HAVE_STDLIB_H 1
| #define HAVE_STRING_H 1
| #define HAVE_MEMORY_H 1
| #define HAVE_STRINGS_H 1
| #define HAVE_INTTYPES_H 1
| #define HAVE_STDINT_H 1
| #define HAVE_UNISTD_H 1
| #define HAVE_DLFCN_H 1
| #define LT_OBJDIR ".libs/"
| #define STDC_HEADERS 1
| #define HAVE_STDLIB_H 1
| #define HAVE_MALLOC 1
| #define HAVE_VPRINTF 1
| #define HAVE_MEMCPY 1
| #define HAVE_VSYSLOG 1
| #define HAVE_ZCONF_H 1
| #define HAVE_ZLIB_H 1
| #define HAVE_LIBZ 1
| #define HAVE_OPENSSL_RAND_H 1
| #define HAVE_OPENSSL_ERR_H 1
| #define HAVE_OPENSSL_EVP_H 1
| /* end confdefs.h.  */
| #include <openssl/pem.h>
configure:11584: result: no
configure:11584: WARNING: openssl/pem.h: accepted by the compiler, rejected by the preprocessor!
configure:11584: WARNING: openssl/pem.h: proceeding with the compiler's result
configure:11584: checking for openssl/pem.h
configure:11584: result: yes
configure:11599: checking for PEM_read_PrivateKey in -lcrypto
configure:11624: gcc -o conftest -I/opt/local/include -Wall  -framework PCSC  conftest.c -lcrypto  -lz  >&5
configure:11624: $? = 0
configure:11633: result: yes
configure:11657: result: enable debug     : false
configure:11816: creating ./config.status

## ---------------------- ##
## Running config.status. ##
## ---------------------- ##

This file was extended by globalplatform config.status 6.0.0, which was
generated by GNU Autoconf 2.65.  Invocation command line was

  CONFIG_FILES    = 
  CONFIG_HEADERS  = 
  CONFIG_LINKS    = 
  CONFIG_COMMANDS = 
  $ ./config.status 

on jfentmac

config.status:995: creating Makefile
config.status:995: creating src/Makefile
config.status:995: creating src/globalplatform.pc
config.status:1158: executing depfiles commands
config.status:1158: executing libtool commands

## ---------------- ##
## Cache variables. ##
## ---------------- ##

ac_cv_build=i386-apple-darwin15.6.0
ac_cv_c_compiler_gnu=yes
ac_cv_cflags_warn_all=-Wall
ac_cv_env_CC_set=
ac_cv_env_CC_value=
ac_cv_env_CFLAGS_set=set
ac_cv_env_CFLAGS_value=-I/opt/local/include
ac_cv_env_CPPFLAGS_set=
ac_cv_env_CPPFLAGS_value=
ac_cv_env_CPP_set=
ac_cv_env_CPP_value=
ac_cv_env_LDFLAGS_set=
ac_cv_env_LDFLAGS_value=
ac_cv_env_LIBS_set=
ac_cv_env_LIBS_value=
ac_cv_env_PCSCLITE_CFLAGS_set=set
ac_cv_env_PCSCLITE_CFLAGS_value=-I/usr/local/opt/pcsc-lite/include/PCSC
ac_cv_env_PCSCLITE_H_PATH_set=
ac_cv_env_PCSCLITE_H_PATH_value=
ac_cv_env_PCSCLITE_LIBS_set=
ac_cv_env_PCSCLITE_LIBS_value=
ac_cv_env_PKG_CONFIG_set=
ac_cv_env_PKG_CONFIG_value=
ac_cv_env_WINSCARD_LIB_PATH_set=
ac_cv_env_WINSCARD_LIB_PATH_value=
ac_cv_env_build_alias_set=
ac_cv_env_build_alias_value=
ac_cv_env_host_alias_set=
ac_cv_env_host_alias_value=
ac_cv_env_target_alias_set=
ac_cv_env_target_alias_value=
ac_cv_func__doprnt=no
ac_cv_func_malloc_0_nonnull=yes
ac_cv_func_memcpy=yes
ac_cv_func_vprintf=yes
ac_cv_func_vsyslog=yes
ac_cv_header_dlfcn_h=yes
ac_cv_header_inttypes_h=yes
ac_cv_header_memory_h=yes
ac_cv_header_openssl_err_h=yes
ac_cv_header_openssl_evp_h=yes
ac_cv_header_openssl_pem_h=yes
ac_cv_header_openssl_rand_h=yes
ac_cv_header_stdc=yes
ac_cv_header_stdint_h=yes
ac_cv_header_stdio_h=yes
ac_cv_header_stdlib_h=yes
ac_cv_header_string_h=yes
ac_cv_header_strings_h=yes
ac_cv_header_sys_stat_h=yes
ac_cv_header_sys_types_h=yes
ac_cv_header_unistd_h=yes
ac_cv_header_winscard_h=yes
ac_cv_header_zconf_h=yes
ac_cv_header_zlib_h=yes
ac_cv_host=i386-apple-darwin15.6.0
ac_cv_lib_crypto_PEM_read_PrivateKey=yes
ac_cv_lib_z_gzopen=yes
ac_cv_objext=o
ac_cv_path_EGREP='/usr/bin/grep -E'
ac_cv_path_FGREP='/usr/bin/grep -F'
ac_cv_path_GREP=/usr/bin/grep
ac_cv_path_SED=/usr/bin/sed
ac_cv_path_ac_pt_PKG_CONFIG=/usr/local/bin/pkg-config
ac_cv_path_install='/usr/local/bin/ginstall -c'
ac_cv_path_mkdir=/usr/local/bin/gmkdir
ac_cv_prog_AWK=awk
ac_cv_prog_CPP='gcc -E'
ac_cv_prog_ac_ct_AR=ar
ac_cv_prog_ac_ct_CC=gcc
ac_cv_prog_ac_ct_DSYMUTIL=dsymutil
ac_cv_prog_ac_ct_LIPO=lipo
ac_cv_prog_ac_ct_NMEDIT=nmedit
ac_cv_prog_ac_ct_OTOOL=otool
ac_cv_prog_ac_ct_RANLIB=ranlib
ac_cv_prog_ac_ct_STRIP=strip
ac_cv_prog_cc_c89=
ac_cv_prog_cc_g=yes
ac_cv_prog_cc_gcc_c_o=yes
ac_cv_prog_make_make_set=yes
am_cv_CC_dependencies_compiler_type=gcc3
lt_cv_apple_cc_single_mod=yes
lt_cv_deplibs_check_method=pass_all
lt_cv_file_magic_cmd='$MAGIC_CMD'
lt_cv_file_magic_test_file=
lt_cv_ld_exported_symbols_list=yes
lt_cv_ld_reload_flag=-r
lt_cv_nm_interface='BSD nm'
lt_cv_objdir=.libs
lt_cv_path_LD=/Applications/Xcode.app/Contents/Developer/Toolchains/XcodeDefault.xctoolchain/usr/bin/ld
lt_cv_path_NM='/usr/bin/nm -B'
lt_cv_prog_compiler_c_o=yes
lt_cv_prog_compiler_pic_works=yes
lt_cv_prog_compiler_rtti_exceptions=yes
lt_cv_prog_compiler_static_works=no
lt_cv_prog_gnu_ld=no
lt_cv_sys_global_symbol_pipe='sed -n -e '\''s/^.*[	 ]\([BCDEGRST][BCDEGRST]*\)[	 ][	 ]*_\([_A-Za-z][_A-Za-z0-9]*\)$/\1 _\2 \2/p'\'''
lt_cv_sys_global_symbol_to_c_name_address='sed -n -e '\''s/^: \([^ ]*\) $/  {\"\1\", (void *) 0},/p'\'' -e '\''s/^[BCDEGRST]* \([^ ]*\) \([^ ]*\)$/  {"\2", (void *) \&\2},/p'\'''
lt_cv_sys_global_symbol_to_c_name_address_lib_prefix='sed -n -e '\''s/^: \([^ ]*\) $/  {\"\1\", (void *) 0},/p'\'' -e '\''s/^[BCDEGRST]* \([^ ]*\) \(lib[^ ]*\)$/  {"\2", (void *) \&\2},/p'\'' -e '\''s/^[BCDEGRST]* \([^ ]*\) \([^ ]*\)$/  {"lib\2", (void *) \&\2},/p'\'''
lt_cv_sys_global_symbol_to_cdecl='sed -n -e '\''s/^T .* \(.*\)$/extern int \1();/p'\'' -e '\''s/^[BCDEGRST]* .* \(.*\)$/extern char \1;/p'\'''
lt_cv_sys_max_cmd_len=196608
pkg_cv_PCSCLITE_CFLAGS=-I/usr/local/opt/pcsc-lite/include/PCSC

## ----------------- ##
## Output variables. ##
## ----------------- ##

ACLOCAL='${SHELL} /Users/jacobfenton/Desktop/piiproj/globalplatform-6.0.0/missing --run aclocal-1.11'
AMDEPBACKSLASH='\'
AMDEP_FALSE='#'
AMDEP_TRUE=''
AMTAR='${SHELL} /Users/jacobfenton/Desktop/piiproj/globalplatform-6.0.0/missing --run tar'
AR='ar'
AS=''
AUTOCONF='${SHELL} /Users/jacobfenton/Desktop/piiproj/globalplatform-6.0.0/missing --run autoconf'
AUTOHEADER='${SHELL} /Users/jacobfenton/Desktop/piiproj/globalplatform-6.0.0/missing --run autoheader'
AUTOMAKE='${SHELL} /Users/jacobfenton/Desktop/piiproj/globalplatform-6.0.0/missing --run automake-1.11'
AWK='awk'
CC='gcc'
CCDEPMODE='depmode=gcc3'
CFLAGS='-I/opt/local/include -Wall'
CPP='gcc -E'
CPPFLAGS=''
CYGPATH_W='echo'
DEFS='-DPACKAGE_NAME=\"globalplatform\" -DPACKAGE_TARNAME=\"globalplatform\" -DPACKAGE_VERSION=\"6.0.0\" -DPACKAGE_STRING=\"globalplatform\ 6.0.0\" -DPACKAGE_BUGREPORT=\"k_o_@users.sourceforge.net\" -DPACKAGE_URL=\"\" -DPACKAGE=\"globalplatform\" -DVERSION=\"6.0.0\" -DMACOSX=1 -DSTDC_HEADERS=1 -DHAVE_SYS_TYPES_H=1 -DHAVE_SYS_STAT_H=1 -DHAVE_STDLIB_H=1 -DHAVE_STRING_H=1 -DHAVE_MEMORY_H=1 -DHAVE_STRINGS_H=1 -DHAVE_INTTYPES_H=1 -DHAVE_STDINT_H=1 -DHAVE_UNISTD_H=1 -DHAVE_DLFCN_H=1 -DLT_OBJDIR=\".libs/\" -DSTDC_HEADERS=1 -DHAVE_STDLIB_H=1 -DHAVE_MALLOC=1 -DHAVE_VPRINTF=1 -DHAVE_MEMCPY=1 -DHAVE_VSYSLOG=1 -DHAVE_ZCONF_H=1 -DHAVE_ZLIB_H=1 -DHAVE_LIBZ=1 -DHAVE_OPENSSL_RAND_H=1 -DHAVE_OPENSSL_ERR_H=1 -DHAVE_OPENSSL_EVP_H=1 -DHAVE_OPENSSL_PEM_H=1 -DHAVE_LIBCRYPTO=1'
DEPDIR='.deps'
DLLTOOL=''
DSYMUTIL='dsymutil'
DUMPBIN=''
ECHO_C='\c'
ECHO_N=''
ECHO_T=''
EGREP='/usr/bin/grep -E'
EXEEXT=''
FGREP='/usr/bin/grep -F'
GREP='/usr/bin/grep'
INSTALL_DATA='${INSTALL} -m 644'
INSTALL_PROGRAM='${INSTALL}'
INSTALL_SCRIPT='${INSTALL}'
INSTALL_STRIP_PROGRAM='$(install_sh) -c -s'
LD='/Applications/Xcode.app/Contents/Developer/Toolchains/XcodeDefault.xctoolchain/usr/bin/ld'
LDFLAGS='-framework PCSC -ldl'
LIBOBJS=''
LIBS='-lcrypto -lz '
LIBTOOL='$(SHELL) $(top_builddir)/libtool'
LIPO='lipo'
LN_S='ln -s'
LTLIBOBJS=''
MAKEINFO='${SHELL} /Users/jacobfenton/Desktop/piiproj/globalplatform-6.0.0/missing --run makeinfo'
MKDIR_P='/usr/local/bin/gmkdir -p'
NM='/usr/bin/nm -B'
NMEDIT='nmedit'
OBJDUMP='false'
OBJEXT='o'
OTOOL64=':'
OTOOL='otool'
PACKAGE='globalplatform'
PACKAGE_BUGREPORT='k_o_@users.sourceforge.net'
PACKAGE_NAME='globalplatform'
PACKAGE_STRING='globalplatform 6.0.0'
PACKAGE_TARNAME='globalplatform'
PACKAGE_URL=''
PACKAGE_VERSION='6.0.0'
PATH_SEPARATOR=':'
PCSCLITE_CFLAGS='-I/usr/local/opt/pcsc-lite/include/PCSC'
PCSCLITE_H_PATH=''
PCSCLITE_LIBS=''
PKG_CONFIG='/usr/local/bin/pkg-config'
RANLIB='ranlib'
SED='/usr/bin/sed'
SET_MAKE=''
SHELL='/bin/sh'
STRIP='strip'
VERSION='6.0.0'
WINSCARD_LIB_PATH=''
ac_ct_CC='gcc'
ac_ct_DUMPBIN=''
am__EXEEXT_FALSE=''
am__EXEEXT_TRUE='#'
am__fastdepCC_FALSE='#'
am__fastdepCC_TRUE=''
am__include='include'
am__isrc=''
am__leading_dot='.'
am__quote=''
am__tar='${AMTAR} chof - "$$tardir"'
am__untar='${AMTAR} xf -'
bindir='${exec_prefix}/bin'
build='i386-apple-darwin15.6.0'
build_alias=''
build_cpu='i386'
build_os='darwin15.6.0'
build_vendor='apple'
datadir='${datarootdir}'
datarootdir='${prefix}/share'
docdir='${datarootdir}/doc/${PACKAGE_TARNAME}'
dvidir='${docdir}'
exec_prefix='${prefix}'
host='i386-apple-darwin15.6.0'
host_alias=''
host_cpu='i386'
host_os='darwin15.6.0'
host_vendor='apple'
htmldir='${docdir}'
includedir='${prefix}/include'
infodir='${datarootdir}/info'
install_sh='${SHELL} /Users/jacobfenton/Desktop/piiproj/globalplatform-6.0.0/install-sh'
libdir='${exec_prefix}/lib'
libexecdir='${exec_prefix}/libexec'
localedir='${datarootdir}/locale'
localstatedir='${prefix}/var'
lt_ECHO='/bin/echo'
mandir='${datarootdir}/man'
mkdir_p='/usr/local/bin/gmkdir -p'
oldincludedir='/usr/include'
pdfdir='${docdir}'
prefix='/usr/local'
program_transform_name='s,x,x,'
psdir='${docdir}'
sbindir='${exec_prefix}/sbin'
sharedstatedir='${prefix}/com'
sysconfdir='${prefix}/etc'
target_alias=''

## ----------- ##
## confdefs.h. ##
## ----------- ##

/* confdefs.h */
#define PACKAGE_NAME "globalplatform"
#define PACKAGE_TARNAME "globalplatform"
#define PACKAGE_VERSION "6.0.0"
#define PACKAGE_STRING "globalplatform 6.0.0"
#define PACKAGE_BUGREPORT "k_o_@users.sourceforge.net"
#define PACKAGE_URL ""
#define PACKAGE "globalplatform"
#define VERSION "6.0.0"
#define MACOSX 1
#define STDC_HEADERS 1
#define HAVE_SYS_TYPES_H 1
#define HAVE_SYS_STAT_H 1
#define HAVE_STDLIB_H 1
#define HAVE_STRING_H 1
#define HAVE_MEMORY_H 1
#define HAVE_STRINGS_H 1
#define HAVE_INTTYPES_H 1
#define HAVE_STDINT_H 1
#define HAVE_UNISTD_H 1
#define HAVE_DLFCN_H 1
#define LT_OBJDIR ".libs/"
#define STDC_HEADERS 1
#define HAVE_STDLIB_H 1
#define HAVE_MALLOC 1
#define HAVE_VPRINTF 1
#define HAVE_MEMCPY 1
#define HAVE_VSYSLOG 1
#define HAVE_ZCONF_H 1
#define HAVE_ZLIB_H 1
#define HAVE_LIBZ 1
#define HAVE_OPENSSL_RAND_H 1
#define HAVE_OPENSSL_ERR_H 1
#define HAVE_OPENSSL_EVP_H 1
#define HAVE_OPENSSL_PEM_H 1
#define HAVE_LIBCRYPTO 1

configure: exit 0
