This file contains any messages produced by compilers while
running configure, to aid debugging if configure makes a mistake.

It was created by GPShell configure 1.4.4, which was
generated by GNU Autoconf 2.65.  Invocation command line was

  $ ./configure PCSCLITE_CFLAGS=-I/usr/local/opt/pcsc-lite/include/PCSC GLOBALPLATFORM_CFLAGS=-I/usr/local/include/globalplatform GLOBALPLATFORM_LIBS=/usr/local/lib/libglobalplatform.6.dylib

## --------- ##
## Platform. ##
## --------- ##

hostname = jfentmac
uname -m = x86_64
uname -r = 15.6.0
uname -s = Darwin
uname -v = Darwin Kernel Version 15.6.0: Thu Jun 23 18:25:34 PDT 2016; root:xnu-3248.60.10~1/RELEASE_X86_64

/usr/bin/uname -p = i386
/bin/uname -X     = unknown

/bin/arch              = unknown
/usr/bin/arch -k       = unknown
/usr/convex/getsysinfo = unknown
/usr/bin/hostinfo      = Mach kernel version:
	 Darwin Kernel Version 15.6.0: Thu Jun 23 18:25:34 PDT 2016; root:xnu-3248.60.10~1/RELEASE_X86_64
Kernel configured for up to 4 processors.
2 processors are physically available.
4 processors are logically available.
Processor type: x86_64h (Intel x86-64h Haswell)
Processors active: 0 1 2 3
Primary memory available: 8.00 gigabytes
Default processor set: 366 tasks, 2023 threads, 4 processors
Load average: 0.99, Mach factor: 3.00
/bin/machine           = unknown
/usr/bin/oslevel       = unknown
/bin/universe          = unknown

PATH: /Users/jacobfenton/.nimble/bin
PATH: /Users/jacobfenton/.local/bin
PATH: /opt/local/bin
PATH: /opt/local/sbin
PATH: /usr/local
PATH: /Users/jacobfenton/Library/Android/sdk/platform-tools
PATH: /Users/jacobfenton/.rvm/gems/ruby-2.2.2/bin
PATH: /Users/jacobfenton/.rvm/gems/ruby-2.2.2@global/bin
PATH: /Users/jacobfenton/.rvm/rubies/ruby-2.2.2/bin
PATH: /usr/local/bin
PATH: /usr/bin
PATH: /bin
PATH: /usr/sbin
PATH: /sbin
PATH: /opt/X11/bin
PATH: /usr/local/go/bin
PATH: /usr/texbin
PATH: /Users/jacobfenton/.nimble/bin
PATH: /Users/jacobfenton/.local/bin
PATH: /opt/local/bin
PATH: /opt/local/sbin
PATH: /usr/local
PATH: /Users/jacobfenton/Library/Android/sdk/platform-tools
PATH: /Users/jacobfenton/.rvm/gems/ruby-2.2.2/bin
PATH: /Users/jacobfenton/.rvm/gems/ruby-2.2.2@global/bin
PATH: /Users/jacobfenton/.rvm/rubies/ruby-2.2.2/bin
PATH: /Users/jacobfenton/.rvm/bin
PATH: /Users/jacobfenton/Desktop/GoProjects/bin
PATH: /Users/jacobfenton/.cabal/bin
PATH: /usr/local/heroku/bin
PATH: /Users/jacobfenton/Desktop/apache-maven-3.3.9/bin
PATH: /Users/jacobfenton/Desktop/protoc-3.0.0-osx-x86_64/bin
PATH: /Users/jacobfenton/Desktop/GoProjects/bin
PATH: /Users/jacobfenton/.cabal/bin
PATH: /usr/local/heroku/bin
PATH: /Users/jacobfenton/Desktop/apache-maven-3.3.9/bin
PATH: /Users/jacobfenton/Desktop/protoc-3.0.0-osx-x86_64/bin
PATH: /Users/jacobfenton/.rvm/bin
PATH: /usr/local/lib/libglobalplatform.6.dylib
PATH: /usr/local/lib/libglobalplatform.dylib


## ----------- ##
## Core tests. ##
## ----------- ##

configure:2188: checking build system type
configure:2202: result: i386-apple-darwin15.6.0
configure:2222: checking host system type
configure:2235: result: i386-apple-darwin15.6.0
configure:2272: checking for a BSD-compatible install
configure:2340: result: /usr/local/bin/ginstall -c
configure:2351: checking whether build environment is sane
configure:2401: result: yes
configure:2542: checking for a thread-safe mkdir -p
configure:2581: result: /usr/local/bin/gmkdir -p
configure:2594: checking for gawk
configure:2624: result: no
configure:2594: checking for mawk
configure:2624: result: no
configure:2594: checking for nawk
configure:2624: result: no
configure:2594: checking for awk
configure:2610: found /usr/bin/awk
configure:2621: result: awk
configure:2632: checking whether make sets $(MAKE)
configure:2654: result: yes
configure:2784: checking for gcc
configure:2800: found /usr/bin/gcc
configure:2811: result: gcc
configure:3040: checking for C compiler version
configure:3049: gcc --version >&5
Apple LLVM version 7.3.0 (clang-703.0.31)
Target: x86_64-apple-darwin15.6.0
Thread model: posix
InstalledDir: /Applications/Xcode.app/Contents/Developer/Toolchains/XcodeDefault.xctoolchain/usr/bin
Configured with: --prefix=/Applications/Xcode.app/Contents/Developer/usr --with-gxx-include-dir=/usr/include/c++/4.2.1
configure:3060: $? = 0
configure:3049: gcc -v >&5
Configured with: --prefix=/Applications/Xcode.app/Contents/Developer/usr --with-gxx-include-dir=/usr/include/c++/4.2.1
Apple LLVM version 7.3.0 (clang-703.0.31)
Target: x86_64-apple-darwin15.6.0
Thread model: posix
InstalledDir: /Applications/Xcode.app/Contents/Developer/Toolchains/XcodeDefault.xctoolchain/usr/bin
configure:3060: $? = 0
configure:3049: gcc -V >&5
clang: error: argument to '-V' is missing (expected 1 value)
clang: error: no input files
configure:3060: $? = 1
configure:3049: gcc -qversion >&5
clang: error: unknown argument: '-qversion'
clang: error: no input files
configure:3060: $? = 1
configure:3080: checking whether the C compiler works
configure:3102: gcc    conftest.c  >&5
configure:3106: $? = 0
configure:3155: result: yes
configure:3158: checking for C compiler default output file name
configure:3160: result: a.out
configure:3166: checking for suffix of executables
configure:3173: gcc -o conftest    conftest.c  >&5
configure:3177: $? = 0
configure:3199: result: 
configure:3221: checking whether we are cross compiling
configure:3229: gcc -o conftest    conftest.c  >&5
configure:3233: $? = 0
configure:3240: ./conftest
configure:3244: $? = 0
configure:3259: result: no
configure:3264: checking for suffix of object files
configure:3286: gcc -c   conftest.c >&5
configure:3290: $? = 0
configure:3311: result: o
configure:3315: checking whether we are using the GNU C compiler
configure:3334: gcc -c   conftest.c >&5
configure:3334: $? = 0
configure:3343: result: yes
configure:3352: checking whether gcc accepts -g
configure:3372: gcc -c -g  conftest.c >&5
configure:3372: $? = 0
configure:3413: result: yes
configure:3430: checking for gcc option to accept ISO C89
configure:3494: gcc  -c -g -O2  conftest.c >&5
configure:3494: $? = 0
configure:3507: result: none needed
configure:3538: checking for style of include used by make
configure:3566: result: GNU
configure:3591: checking dependency style of gcc
configure:3701: result: gcc3
configure:3721: checking how to run the C preprocessor
configure:3752: gcc -E  conftest.c
configure:3752: $? = 0
configure:3766: gcc -E  conftest.c
conftest.c:11:10: fatal error: 'ac_nonexistent.h' file not found
#include <ac_nonexistent.h>
         ^
1 error generated.
configure:3766: $? = 1
configure: failed program was:
| /* confdefs.h */
| #define PACKAGE_NAME "GPShell"
| #define PACKAGE_TARNAME "gpshell"
| #define PACKAGE_VERSION "1.4.4"
| #define PACKAGE_STRING "GPShell 1.4.4"
| #define PACKAGE_BUGREPORT "Karsten Ohme <k_o_@users.sourceforge.net> or snitmo@gmail.com"
| #define PACKAGE_URL ""
| #define PACKAGE "gpshell"
| #define VERSION "1.4.4"
| /* end confdefs.h.  */
| #include <ac_nonexistent.h>
configure:3791: result: gcc -E
configure:3811: gcc -E  conftest.c
configure:3811: $? = 0
configure:3825: gcc -E  conftest.c
conftest.c:11:10: fatal error: 'ac_nonexistent.h' file not found
#include <ac_nonexistent.h>
         ^
1 error generated.
configure:3825: $? = 1
configure: failed program was:
| /* confdefs.h */
| #define PACKAGE_NAME "GPShell"
| #define PACKAGE_TARNAME "gpshell"
| #define PACKAGE_VERSION "1.4.4"
| #define PACKAGE_STRING "GPShell 1.4.4"
| #define PACKAGE_BUGREPORT "Karsten Ohme <k_o_@users.sourceforge.net> or snitmo@gmail.com"
| #define PACKAGE_URL ""
| #define PACKAGE "gpshell"
| #define VERSION "1.4.4"
| /* end confdefs.h.  */
| #include <ac_nonexistent.h>
configure:3856: checking whether gcc and cc understand -c and -o together
configure:3887: gcc -c conftest.c -o conftest2.o >&5
configure:3891: $? = 0
configure:3897: gcc -c conftest.c -o conftest2.o >&5
configure:3901: $? = 0
configure:3912: cc -c conftest.c >&5
configure:3916: $? = 0
configure:3924: cc -c conftest.c -o conftest2.o >&5
configure:3928: $? = 0
configure:3934: cc -c conftest.c -o conftest2.o >&5
configure:3938: $? = 0
configure:3956: result: yes
configure:3985: checking for grep that handles long lines and -e
configure:4043: result: /usr/bin/grep
configure:4048: checking for egrep
configure:4110: result: /usr/bin/grep -E
configure:4115: checking for ANSI C header files
configure:4135: gcc -c -g -O2  conftest.c >&5
configure:4135: $? = 0
configure:4208: gcc -o conftest -g -O2   conftest.c  >&5
configure:4208: $? = 0
configure:4208: ./conftest
configure:4208: $? = 0
configure:4219: result: yes
configure:4227: checking whether stat file-mode macros are broken
configure:4254: gcc -c -g -O2  conftest.c >&5
configure:4254: $? = 0
configure:4261: result: no
configure:4269: checking for stdio.h
configure:4269: gcc -c -g -O2  conftest.c >&5
conftest.c:12:1: error: unknown type name 'as_fn_error'
as_fn_error stdio.h
^
conftest.c:12:18: error: expected ';' after top level declarator
as_fn_error stdio.h
                 ^
                 ;
2 errors generated.
configure:4269: $? = 1
configure: failed program was:
| /* confdefs.h */
| #define PACKAGE_NAME "GPShell"
| #define PACKAGE_TARNAME "gpshell"
| #define PACKAGE_VERSION "1.4.4"
| #define PACKAGE_STRING "GPShell 1.4.4"
| #define PACKAGE_BUGREPORT "Karsten Ohme <k_o_@users.sourceforge.net> or snitmo@gmail.com"
| #define PACKAGE_URL ""
| #define PACKAGE "gpshell"
| #define VERSION "1.4.4"
| #define STDC_HEADERS 1
| /* end confdefs.h.  */
| as_fn_error stdio.h
| #include <stdio.h>
configure:4269: result: no
configure:4276: checking for fcntl.h
configure:4276: gcc -c -g -O2  conftest.c >&5
conftest.c:12:1: error: unknown type name 'as_fn_error'
as_fn_error fcntl.h
^
conftest.c:12:18: error: expected ';' after top level declarator
as_fn_error fcntl.h
                 ^
                 ;
In file included from conftest.c:13:
In file included from /usr/include/fcntl.h:23:
/usr/include/sys/fcntl.h:483:5: error: redefinition of 'fcntl' as different kind of symbol
int     fcntl(int, int, ...) __DARWIN_ALIAS_C(fcntl);
        ^
conftest.c:12:13: note: previous definition is here
as_fn_error fcntl.h
            ^
3 errors generated.
configure:4276: $? = 1
configure: failed program was:
| /* confdefs.h */
| #define PACKAGE_NAME "GPShell"
| #define PACKAGE_TARNAME "gpshell"
| #define PACKAGE_VERSION "1.4.4"
| #define PACKAGE_STRING "GPShell 1.4.4"
| #define PACKAGE_BUGREPORT "Karsten Ohme <k_o_@users.sourceforge.net> or snitmo@gmail.com"
| #define PACKAGE_URL ""
| #define PACKAGE "gpshell"
| #define VERSION "1.4.4"
| #define STDC_HEADERS 1
| /* end confdefs.h.  */
| as_fn_error fcntl.h
| #include <fcntl.h>
configure:4276: result: no
configure:4283: checking for io.h
configure:4283: gcc -c -g -O2  conftest.c >&5
conftest.c:12:1: error: unknown type name 'as_fn_error'
as_fn_error io.h
^
conftest.c:12:15: error: expected ';' after top level declarator
as_fn_error io.h
              ^
              ;
conftest.c:13:10: fatal error: 'io.h' file not found
#include <io.h>
         ^
3 errors generated.
configure:4283: $? = 1
configure: failed program was:
| /* confdefs.h */
| #define PACKAGE_NAME "GPShell"
| #define PACKAGE_TARNAME "gpshell"
| #define PACKAGE_VERSION "1.4.4"
| #define PACKAGE_STRING "GPShell 1.4.4"
| #define PACKAGE_BUGREPORT "Karsten Ohme <k_o_@users.sourceforge.net> or snitmo@gmail.com"
| #define PACKAGE_URL ""
| #define PACKAGE "gpshell"
| #define VERSION "1.4.4"
| #define STDC_HEADERS 1
| /* end confdefs.h.  */
| as_fn_error io.h
| #include <io.h>
configure:4283: result: no
configure:4297: checking for sys/types.h
configure:4297: gcc -c -g -O2  conftest.c >&5
configure:4297: $? = 0
configure:4297: result: yes
configure:4297: checking for sys/stat.h
configure:4297: gcc -c -g -O2  conftest.c >&5
configure:4297: $? = 0
configure:4297: result: yes
configure:4297: checking for stdlib.h
configure:4297: gcc -c -g -O2  conftest.c >&5
configure:4297: $? = 0
configure:4297: result: yes
configure:4297: checking for string.h
configure:4297: gcc -c -g -O2  conftest.c >&5
configure:4297: $? = 0
configure:4297: result: yes
configure:4297: checking for memory.h
configure:4297: gcc -c -g -O2  conftest.c >&5
configure:4297: $? = 0
configure:4297: result: yes
configure:4297: checking for strings.h
configure:4297: gcc -c -g -O2  conftest.c >&5
configure:4297: $? = 0
configure:4297: result: yes
configure:4297: checking for inttypes.h
configure:4297: gcc -c -g -O2  conftest.c >&5
configure:4297: $? = 0
configure:4297: result: yes
configure:4297: checking for stdint.h
configure:4297: gcc -c -g -O2  conftest.c >&5
configure:4297: $? = 0
configure:4297: result: yes
configure:4297: checking for unistd.h
configure:4297: gcc -c -g -O2  conftest.c >&5
configure:4297: $? = 0
configure:4297: result: yes
configure:4310: checking whether lstat correctly handles trailing slash
configure:4336: gcc -o conftest -g -O2   conftest.c  >&5
configure:4336: $? = 0
configure:4336: ./conftest
configure:4336: $? = 1
configure: program exited with status 1
configure: failed program was:
| /* confdefs.h */
| #define PACKAGE_NAME "GPShell"
| #define PACKAGE_TARNAME "gpshell"
| #define PACKAGE_VERSION "1.4.4"
| #define PACKAGE_STRING "GPShell 1.4.4"
| #define PACKAGE_BUGREPORT "Karsten Ohme <k_o_@users.sourceforge.net> or snitmo@gmail.com"
| #define PACKAGE_URL ""
| #define PACKAGE "gpshell"
| #define VERSION "1.4.4"
| #define STDC_HEADERS 1
| #define HAVE_SYS_TYPES_H 1
| #define HAVE_SYS_STAT_H 1
| #define HAVE_STDLIB_H 1
| #define HAVE_STRING_H 1
| #define HAVE_MEMORY_H 1
| #define HAVE_STRINGS_H 1
| #define HAVE_INTTYPES_H 1
| #define HAVE_STDINT_H 1
| #define HAVE_UNISTD_H 1
| /* end confdefs.h.  */
| #include <stdio.h>
| #ifdef HAVE_SYS_TYPES_H
| # include <sys/types.h>
| #endif
| #ifdef HAVE_SYS_STAT_H
| # include <sys/stat.h>
| #endif
| #ifdef STDC_HEADERS
| # include <stdlib.h>
| # include <stddef.h>
| #else
| # ifdef HAVE_STDLIB_H
| #  include <stdlib.h>
| # endif
| #endif
| #ifdef HAVE_STRING_H
| # if !defined STDC_HEADERS && defined HAVE_MEMORY_H
| #  include <memory.h>
| # endif
| # include <string.h>
| #endif
| #ifdef HAVE_STRINGS_H
| # include <strings.h>
| #endif
| #ifdef HAVE_INTTYPES_H
| # include <inttypes.h>
| #endif
| #ifdef HAVE_STDINT_H
| # include <stdint.h>
| #endif
| #ifdef HAVE_UNISTD_H
| # include <unistd.h>
| #endif
| int
| main ()
| {
| struct stat sbuf;
|      /* Linux will dereference the symlink and fail, as required by POSIX.
| 	That is better in the sense that it means we will not
| 	have to compile and use the lstat wrapper.  */
|      return lstat ("conftest.sym/", &sbuf) == 0;
|   ;
|   return 0;
| }
configure:4353: result: no
configure:4372: checking whether stat accepts an empty string
configure:4392: gcc -o conftest -g -O2   conftest.c  >&5
configure:4392: $? = 0
configure:4392: ./conftest
configure:4392: $? = 0
configure:4402: result: no
configure:4420: checking for stdlib.h
configure:4420: result: yes
configure:4430: checking for GNU libc compatible malloc
configure:4454: gcc -o conftest -g -O2   conftest.c  >&5
configure:4454: $? = 0
configure:4454: ./conftest
configure:4454: $? = 0
configure:4464: result: yes
configure:4488: checking for atoi
configure:4488: gcc -o conftest -g -O2   conftest.c  >&5
configure:4488: $? = 0
configure:4488: result: yes
configure:4488: checking for fgets
configure:4488: gcc -o conftest -g -O2   conftest.c  >&5
configure:4488: $? = 0
configure:4488: result: yes
configure:4501: checking CFLAGS for maximum warnings
configure:4528: gcc -c -g -O2 -pedantic  -Wall  conftest.c >&5
configure:4528: $? = 0
configure:4542: result: -Wall
configure:4555: : CFLAGS="$CFLAGS $ac_cv_cflags_warn_all"
configure:4558: $? = 0
configure:4632: checking for pkg-config
configure:4650: found /usr/local/bin/pkg-config
configure:4662: result: /usr/local/bin/pkg-config
configure:4687: checking pkg-config is at least version 0.9.0
configure:4690: result: yes
configure:4701: checking for PCSCLITE
configure:4727: $PKG_CONFIG --exists --print-errors "libpcsclite >= 1.2.9-beta7"
Package libpcsclite was not found in the pkg-config search path.
Perhaps you should add the directory containing `libpcsclite.pc'
to the PKG_CONFIG_PATH environment variable
No package 'libpcsclite' found
configure:4730: $? = 1
No package 'libpcsclite' found
configure:4758: result: no
configure:4763: WARNING: install pcsc-lite 1.2.9-beta7 or later
configure:4803: checking winscard.h usability
configure:4803: gcc -c -g -O2 -Wall -I/usr/local/opt/pcsc-lite/include/PCSC  conftest.c >&5
configure:4803: $? = 0
configure:4803: result: yes
configure:4803: checking winscard.h presence
configure:4803: gcc -E  conftest.c
conftest.c:25:10: fatal error: 'winscard.h' file not found
#include <winscard.h>
         ^
1 error generated.
configure:4803: $? = 1
configure: failed program was:
| /* confdefs.h */
| #define PACKAGE_NAME "GPShell"
| #define PACKAGE_TARNAME "gpshell"
| #define PACKAGE_VERSION "1.4.4"
| #define PACKAGE_STRING "GPShell 1.4.4"
| #define PACKAGE_BUGREPORT "Karsten Ohme <k_o_@users.sourceforge.net> or snitmo@gmail.com"
| #define PACKAGE_URL ""
| #define PACKAGE "gpshell"
| #define VERSION "1.4.4"
| #define STDC_HEADERS 1
| #define HAVE_SYS_TYPES_H 1
| #define HAVE_SYS_STAT_H 1
| #define HAVE_STDLIB_H 1
| #define HAVE_STRING_H 1
| #define HAVE_MEMORY_H 1
| #define HAVE_STRINGS_H 1
| #define HAVE_INTTYPES_H 1
| #define HAVE_STDINT_H 1
| #define HAVE_UNISTD_H 1
| #define HAVE_STDLIB_H 1
| #define HAVE_MALLOC 1
| #define HAVE_ATOI 1
| #define HAVE_FGETS 1
| /* end confdefs.h.  */
| #include <winscard.h>
configure:4803: result: no
configure:4803: WARNING: winscard.h: accepted by the compiler, rejected by the preprocessor!
configure:4803: WARNING: winscard.h: proceeding with the compiler's result
configure:4803: checking for winscard.h
configure:4803: result: yes
configure:4863: checking for GLOBALPLATFORM
configure:4934: result: yes
configure:4955: checking globalplatform.h usability
configure:4955: gcc -c -g -O2 -Wall -I/usr/local/include/globalplatform -I/usr/local/opt/pcsc-lite/include/PCSC  conftest.c >&5
configure:4955: $? = 0
configure:4955: result: yes
configure:4955: checking globalplatform.h presence
configure:4955: gcc -E  conftest.c
conftest.c:25:10: fatal error: 'globalplatform.h' file not found
#include <globalplatform.h>
         ^
1 error generated.
configure:4955: $? = 1
configure: failed program was:
| /* confdefs.h */
| #define PACKAGE_NAME "GPShell"
| #define PACKAGE_TARNAME "gpshell"
| #define PACKAGE_VERSION "1.4.4"
| #define PACKAGE_STRING "GPShell 1.4.4"
| #define PACKAGE_BUGREPORT "Karsten Ohme <k_o_@users.sourceforge.net> or snitmo@gmail.com"
| #define PACKAGE_URL ""
| #define PACKAGE "gpshell"
| #define VERSION "1.4.4"
| #define STDC_HEADERS 1
| #define HAVE_SYS_TYPES_H 1
| #define HAVE_SYS_STAT_H 1
| #define HAVE_STDLIB_H 1
| #define HAVE_STRING_H 1
| #define HAVE_MEMORY_H 1
| #define HAVE_STRINGS_H 1
| #define HAVE_INTTYPES_H 1
| #define HAVE_STDINT_H 1
| #define HAVE_UNISTD_H 1
| #define HAVE_STDLIB_H 1
| #define HAVE_MALLOC 1
| #define HAVE_ATOI 1
| #define HAVE_FGETS 1
| /* end confdefs.h.  */
| #include <globalplatform.h>
configure:4955: result: no
configure:4955: WARNING: globalplatform.h: accepted by the compiler, rejected by the preprocessor!
configure:4955: WARNING: globalplatform.h: proceeding with the compiler's result
configure:4955: checking for globalplatform.h
configure:4955: result: yes
configure:4975: checking for OPGP_VISA2_derive_keys in -lglobalplatform
configure:5000: gcc -o conftest -g -O2 -Wall   /usr/local/lib/libglobalplatform.6.dylib conftest.c -lglobalplatform   >&5
configure:5000: $? = 0
configure:5009: result: yes
configure:5030: result: Debug output enabled                  : false
configure:5189: creating ./config.status

## ---------------------- ##
## Running config.status. ##
## ---------------------- ##

This file was extended by GPShell config.status 1.4.4, which was
generated by GNU Autoconf 2.65.  Invocation command line was

  CONFIG_FILES    = 
  CONFIG_HEADERS  = 
  CONFIG_LINKS    = 
  CONFIG_COMMANDS = 
  $ ./config.status 

on jfentmac

config.status:793: creating Makefile
config.status:793: creating src/Makefile
config.status:956: executing depfiles commands

## ---------------- ##
## Cache variables. ##
## ---------------- ##

ac_cv_build=i386-apple-darwin15.6.0
ac_cv_c_compiler_gnu=yes
ac_cv_cflags_warn_all=-Wall
ac_cv_env_CC_set=
ac_cv_env_CC_value=
ac_cv_env_CFLAGS_set=
ac_cv_env_CFLAGS_value=
ac_cv_env_CPPFLAGS_set=
ac_cv_env_CPPFLAGS_value=
ac_cv_env_CPP_set=
ac_cv_env_CPP_value=
ac_cv_env_GLOBALPLATFORM_CFLAGS_set=set
ac_cv_env_GLOBALPLATFORM_CFLAGS_value=-I/usr/local/include/globalplatform
ac_cv_env_GLOBALPLATFORM_H_PATH_set=
ac_cv_env_GLOBALPLATFORM_H_PATH_value=
ac_cv_env_GLOBALPLATFORM_LIBS_set=set
ac_cv_env_GLOBALPLATFORM_LIBS_value=/usr/local/lib/libglobalplatform.6.dylib
ac_cv_env_GLOBALPLATFORM_LIB_PATH_set=
ac_cv_env_GLOBALPLATFORM_LIB_PATH_value=
ac_cv_env_LDFLAGS_set=
ac_cv_env_LDFLAGS_value=
ac_cv_env_LIBS_set=
ac_cv_env_LIBS_value=
ac_cv_env_PCSCLITE_CFLAGS_set=set
ac_cv_env_PCSCLITE_CFLAGS_value=-I/usr/local/opt/pcsc-lite/include/PCSC
ac_cv_env_PCSCLITE_H_PATH_set=
ac_cv_env_PCSCLITE_H_PATH_value=
ac_cv_env_PCSCLITE_LIBS_set=
ac_cv_env_PCSCLITE_LIBS_value=
ac_cv_env_PKG_CONFIG_set=
ac_cv_env_PKG_CONFIG_value=
ac_cv_env_WINSCARD_LIB_PATH_set=
ac_cv_env_WINSCARD_LIB_PATH_value=
ac_cv_env_build_alias_set=
ac_cv_env_build_alias_value=
ac_cv_env_host_alias_set=
ac_cv_env_host_alias_value=
ac_cv_env_target_alias_set=
ac_cv_env_target_alias_value=
ac_cv_func_atoi=yes
ac_cv_func_fgets=yes
ac_cv_func_lstat_dereferences_slashed_symlink=no
ac_cv_func_malloc_0_nonnull=yes
ac_cv_func_stat_empty_string_bug=no
ac_cv_header_fcntl_h=no
ac_cv_header_globalplatform_h=yes
ac_cv_header_inttypes_h=yes
ac_cv_header_io_h=no
ac_cv_header_memory_h=yes
ac_cv_header_stat_broken=no
ac_cv_header_stdc=yes
ac_cv_header_stdint_h=yes
ac_cv_header_stdio_h=no
ac_cv_header_stdlib_h=yes
ac_cv_header_string_h=yes
ac_cv_header_strings_h=yes
ac_cv_header_sys_stat_h=yes
ac_cv_header_sys_types_h=yes
ac_cv_header_unistd_h=yes
ac_cv_header_winscard_h=yes
ac_cv_host=i386-apple-darwin15.6.0
ac_cv_lib_globalplatform_OPGP_VISA2_derive_keys=yes
ac_cv_objext=o
ac_cv_path_EGREP='/usr/bin/grep -E'
ac_cv_path_GREP=/usr/bin/grep
ac_cv_path_ac_pt_PKG_CONFIG=/usr/local/bin/pkg-config
ac_cv_path_install='/usr/local/bin/ginstall -c'
ac_cv_path_mkdir=/usr/local/bin/gmkdir
ac_cv_prog_AWK=awk
ac_cv_prog_CPP='gcc -E'
ac_cv_prog_ac_ct_CC=gcc
ac_cv_prog_cc_c89=
ac_cv_prog_cc_g=yes
ac_cv_prog_cc_gcc_c_o=yes
ac_cv_prog_make_make_set=yes
am_cv_CC_dependencies_compiler_type=gcc3
pkg_cv_GLOBALPLATFORM_CFLAGS=-I/usr/local/include/globalplatform
pkg_cv_GLOBALPLATFORM_LIBS=/usr/local/lib/libglobalplatform.6.dylib
pkg_cv_PCSCLITE_CFLAGS=-I/usr/local/opt/pcsc-lite/include/PCSC

## ----------------- ##
## Output variables. ##
## ----------------- ##

ACLOCAL='${SHELL} /Users/jacobfenton/Desktop/piiproj/gpshell-1.4.4/myaux/missing --run aclocal-1.11'
AMDEPBACKSLASH='\'
AMDEP_FALSE='#'
AMDEP_TRUE=''
AMTAR='${SHELL} /Users/jacobfenton/Desktop/piiproj/gpshell-1.4.4/myaux/missing --run tar'
AUTOCONF='${SHELL} /Users/jacobfenton/Desktop/piiproj/gpshell-1.4.4/myaux/missing --run autoconf'
AUTOHEADER='${SHELL} /Users/jacobfenton/Desktop/piiproj/gpshell-1.4.4/myaux/missing --run autoheader'
AUTOMAKE='${SHELL} /Users/jacobfenton/Desktop/piiproj/gpshell-1.4.4/myaux/missing --run automake-1.11'
AWK='awk'
CC='gcc'
CCDEPMODE='depmode=gcc3'
CFLAGS='-g -O2 -Wall'
CPP='gcc -E'
CPPFLAGS=''
CYGPATH_W='echo'
DEFS='-DPACKAGE_NAME=\"GPShell\" -DPACKAGE_TARNAME=\"gpshell\" -DPACKAGE_VERSION=\"1.4.4\" -DPACKAGE_STRING=\"GPShell\ 1.4.4\" -DPACKAGE_BUGREPORT=\"Karsten\ Ohme\ \<k_o_@users.sourceforge.net\>\ or\ snitmo@gmail.com\" -DPACKAGE_URL=\"\" -DPACKAGE=\"gpshell\" -DVERSION=\"1.4.4\" -DSTDC_HEADERS=1 -DHAVE_SYS_TYPES_H=1 -DHAVE_SYS_STAT_H=1 -DHAVE_STDLIB_H=1 -DHAVE_STRING_H=1 -DHAVE_MEMORY_H=1 -DHAVE_STRINGS_H=1 -DHAVE_INTTYPES_H=1 -DHAVE_STDINT_H=1 -DHAVE_UNISTD_H=1 -DHAVE_STDLIB_H=1 -DHAVE_MALLOC=1 -DHAVE_ATOI=1 -DHAVE_FGETS=1 -DHAVE_LIBGLOBALPLATFORM=1'
DEPDIR='.deps'
ECHO_C='\c'
ECHO_N=''
ECHO_T=''
EGREP='/usr/bin/grep -E'
EXEEXT=''
GLOBALPLATFORM_CFLAGS='-I/usr/local/include/globalplatform'
GLOBALPLATFORM_H_PATH=''
GLOBALPLATFORM_LIBS='/usr/local/lib/libglobalplatform.6.dylib'
GLOBALPLATFORM_LIB_PATH=''
GREP='/usr/bin/grep'
INSTALL_DATA='${INSTALL} -m 644'
INSTALL_PROGRAM='${INSTALL}'
INSTALL_SCRIPT='${INSTALL}'
INSTALL_STRIP_PROGRAM='$(install_sh) -c -s'
LDFLAGS=''
LIBOBJS=' ${LIBOBJDIR}lstat$U.o'
LIBS='-lglobalplatform '
LTLIBOBJS=' ${LIBOBJDIR}lstat$U.lo'
MAKEINFO='${SHELL} /Users/jacobfenton/Desktop/piiproj/gpshell-1.4.4/myaux/missing --run makeinfo'
MKDIR_P='/usr/local/bin/gmkdir -p'
OBJEXT='o'
PACKAGE='gpshell'
PACKAGE_BUGREPORT='Karsten Ohme <k_o_@users.sourceforge.net> or snitmo@gmail.com'
PACKAGE_NAME='GPShell'
PACKAGE_STRING='GPShell 1.4.4'
PACKAGE_TARNAME='gpshell'
PACKAGE_URL=''
PACKAGE_VERSION='1.4.4'
PATH_SEPARATOR=':'
PCSCLITE_CFLAGS='-I/usr/local/opt/pcsc-lite/include/PCSC'
PCSCLITE_H_PATH=''
PCSCLITE_LIBS=''
PKG_CONFIG='/usr/local/bin/pkg-config'
SET_MAKE=''
SHELL='/bin/sh'
STRIP=''
VERSION='1.4.4'
WINSCARD_LIB_PATH=''
ac_ct_CC='gcc'
am__EXEEXT_FALSE=''
am__EXEEXT_TRUE='#'
am__fastdepCC_FALSE='#'
am__fastdepCC_TRUE=''
am__include='include'
am__isrc=''
am__leading_dot='.'
am__quote=''
am__tar='${AMTAR} chof - "$$tardir"'
am__untar='${AMTAR} xf -'
bindir='${exec_prefix}/bin'
build='i386-apple-darwin15.6.0'
build_alias=''
build_cpu='i386'
build_os='darwin15.6.0'
build_vendor='apple'
datadir='${datarootdir}'
datarootdir='${prefix}/share'
docdir='${datarootdir}/doc/${PACKAGE_TARNAME}'
dvidir='${docdir}'
exec_prefix='${prefix}'
host='i386-apple-darwin15.6.0'
host_alias=''
host_cpu='i386'
host_os='darwin15.6.0'
host_vendor='apple'
htmldir='${docdir}'
includedir='${prefix}/include'
infodir='${datarootdir}/info'
install_sh='${SHELL} /Users/jacobfenton/Desktop/piiproj/gpshell-1.4.4/myaux/install-sh'
libdir='${exec_prefix}/lib'
libexecdir='${exec_prefix}/libexec'
localedir='${datarootdir}/locale'
localstatedir='${prefix}/var'
mandir='${datarootdir}/man'
mkdir_p='/usr/local/bin/gmkdir -p'
oldincludedir='/usr/include'
pdfdir='${docdir}'
prefix='/usr/local'
program_transform_name='s,x,x,'
psdir='${docdir}'
sbindir='${exec_prefix}/sbin'
sharedstatedir='${prefix}/com'
sysconfdir='${prefix}/etc'
target_alias=''

## ----------- ##
## confdefs.h. ##
## ----------- ##

/* confdefs.h */
#define PACKAGE_NAME "GPShell"
#define PACKAGE_TARNAME "gpshell"
#define PACKAGE_VERSION "1.4.4"
#define PACKAGE_STRING "GPShell 1.4.4"
#define PACKAGE_BUGREPORT "Karsten Ohme <k_o_@users.sourceforge.net> or snitmo@gmail.com"
#define PACKAGE_URL ""
#define PACKAGE "gpshell"
#define VERSION "1.4.4"
#define STDC_HEADERS 1
#define HAVE_SYS_TYPES_H 1
#define HAVE_SYS_STAT_H 1
#define HAVE_STDLIB_H 1
#define HAVE_STRING_H 1
#define HAVE_MEMORY_H 1
#define HAVE_STRINGS_H 1
#define HAVE_INTTYPES_H 1
#define HAVE_STDINT_H 1
#define HAVE_UNISTD_H 1
#define HAVE_STDLIB_H 1
#define HAVE_MALLOC 1
#define HAVE_ATOI 1
#define HAVE_FGETS 1
#define HAVE_LIBGLOBALPLATFORM 1

configure: exit 0
