\BOOKMARK [0][-]{chapter.1}{Introduction}{}% 1
\BOOKMARK [1][-]{section.1.1}{Smart-cards}{chapter.1}% 2
\BOOKMARK [1][-]{section.1.2}{MIFARE Classic}{chapter.1}% 3
\BOOKMARK [2][-]{subsection.1.2.1}{Use of Symmetric Key Cryptography}{section.1.2}% 4
\BOOKMARK [2][-]{subsection.1.2.2}{Memory Structure}{section.1.2}% 5
\BOOKMARK [2][-]{subsection.1.2.3}{Vulnerabilities}{section.1.2}% 6
\BOOKMARK [0][-]{chapter.2}{Preparation}{}% 7
\BOOKMARK [1][-]{section.2.1}{Starting point}{chapter.2}% 8
\BOOKMARK [1][-]{section.2.2}{Communication between card and reader}{chapter.2}% 9
\BOOKMARK [2][-]{subsection.2.2.1}{Command APDU}{section.2.2}% 10
\BOOKMARK [2][-]{subsection.2.2.2}{Response APDU}{section.2.2}% 11
\BOOKMARK [1][-]{section.2.3}{JavaCard}{chapter.2}% 12
\BOOKMARK [1][-]{section.2.4}{Resources}{chapter.2}% 13
\BOOKMARK [0][-]{chapter.3}{Implementation}{}% 14
\BOOKMARK [1][-]{section.3.1}{Verbatim text}{chapter.3}% 15
\BOOKMARK [1][-]{section.3.2}{Tables}{chapter.3}% 16
\BOOKMARK [1][-]{section.3.3}{Simple diagrams}{chapter.3}% 17
\BOOKMARK [1][-]{section.3.4}{Adding more complicated graphics}{chapter.3}% 18
\BOOKMARK [0][-]{chapter.4}{Evaluation}{}% 19
\BOOKMARK [1][-]{section.4.1}{Printing and binding}{chapter.4}% 20
\BOOKMARK [1][-]{section.4.2}{Further information}{chapter.4}% 21
\BOOKMARK [0][-]{chapter.5}{Conclusion}{}% 22
\BOOKMARK [0][-]{chapter.5}{Bibliography}{}% 23
\BOOKMARK [0][-]{appendix.A}{Project Proposal}{}% 24
