This is pdfTeX, Version 3.14159265-2.6-1.40.18 (TeX Live 2017) (preloaded format=pdflatex 2017.11.6)  1 MAY 2018 17:04
entering extended mode
 \write18 enabled.
 file:line:error style messages enabled.
 %&-line parsing enabled.
**dissertation.tex
(./dissertation.tex
LaTeX2e <2017-04-15>
Babel <3.10> and hyphenation patterns for 84 language(s) loaded.
(/usr/local/texlive/2017/texmf-dist/tex/latex/base/report.cls
Document Class: report 2014/09/29 v1.4h Standard LaTeX document class
(/usr/local/texlive/2017/texmf-dist/tex/latex/base/size12.clo
File: size12.clo 2014/09/29 v1.4h Standard LaTeX file (size option)
)
\c@part=\count79
\c@chapter=\count80
\c@section=\count81
\c@subsection=\count82
\c@subsubsection=\count83
\c@paragraph=\count84
\c@subparagraph=\count85
\c@figure=\count86
\c@table=\count87
\abovecaptionskip=\skip41
\belowcaptionskip=\skip42
\bibindent=\dimen102
)
(/usr/local/texlive/2017/texmf-dist/tex/latex/hyperref/hyperref.sty
Package: hyperref 2017/03/14 v6.85a Hypertext links for LaTeX

(/usr/local/texlive/2017/texmf-dist/tex/generic/oberdiek/hobsub-hyperref.sty
Package: hobsub-hyperref 2016/05/16 v1.14 Bundle oberdiek, subset hyperref (HO)


(/usr/local/texlive/2017/texmf-dist/tex/generic/oberdiek/hobsub-generic.sty
Package: hobsub-generic 2016/05/16 v1.14 Bundle oberdiek, subset generic (HO)
Package: hobsub 2016/05/16 v1.14 Construct package bundles (HO)
Package: infwarerr 2016/05/16 v1.4 Providing info/warning/error messages (HO)
Package: ltxcmds 2016/05/16 v1.23 LaTeX kernel commands for general use (HO)
Package: ifluatex 2016/05/16 v1.4 Provides the ifluatex switch (HO)
Package ifluatex Info: LuaTeX not detected.
Package: ifvtex 2016/05/16 v1.6 Detect VTeX and its facilities (HO)
Package ifvtex Info: VTeX not detected.
Package: intcalc 2016/05/16 v1.2 Expandable calculations with integers (HO)
Package: ifpdf 2017/03/15 v3.2 Provides the ifpdf switch
Package: etexcmds 2016/05/16 v1.6 Avoid name clashes with e-TeX commands (HO)
Package etexcmds Info: Could not find \expanded.
(etexcmds)             That can mean that you are not using pdfTeX 1.50 or
(etexcmds)             that some package has redefined \expanded.
(etexcmds)             In the latter case, load this package earlier.
Package: kvsetkeys 2016/05/16 v1.17 Key value parser (HO)
Package: kvdefinekeys 2016/05/16 v1.4 Define keys (HO)
Package: pdftexcmds 2017/03/19 v0.25 Utility functions of pdfTeX for LuaTeX (HO
)
Package pdftexcmds Info: LuaTeX not detected.
Package pdftexcmds Info: \pdf@primitive is available.
Package pdftexcmds Info: \pdf@ifprimitive is available.
Package pdftexcmds Info: \pdfdraftmode found.
Package: pdfescape 2016/05/16 v1.14 Implements pdfTeX's escape features (HO)
Package: bigintcalc 2016/05/16 v1.4 Expandable calculations on big integers (HO
)
Package: bitset 2016/05/16 v1.2 Handle bit-vector datatype (HO)
Package: uniquecounter 2016/05/16 v1.3 Provide unlimited unique counter (HO)
)
Package hobsub Info: Skipping package `hobsub' (already loaded).
Package: letltxmacro 2016/05/16 v1.5 Let assignment for LaTeX macros (HO)
Package: hopatch 2016/05/16 v1.3 Wrapper for package hooks (HO)
Package: xcolor-patch 2016/05/16 xcolor patch
Package: atveryend 2016/05/16 v1.9 Hooks at the very end of document (HO)
Package atveryend Info: \enddocument detected (standard20110627).
Package: atbegshi 2016/06/09 v1.18 At begin shipout hook (HO)
Package: refcount 2016/05/16 v3.5 Data extraction from label references (HO)
Package: hycolor 2016/05/16 v1.8 Color options for hyperref/bookmark (HO)
)
(/usr/local/texlive/2017/texmf-dist/tex/latex/graphics/keyval.sty
Package: keyval 2014/10/28 v1.15 key=value parser (DPC)
\KV@toks@=\toks14
)
(/usr/local/texlive/2017/texmf-dist/tex/generic/ifxetex/ifxetex.sty
Package: ifxetex 2010/09/12 v0.6 Provides ifxetex conditional
)
(/usr/local/texlive/2017/texmf-dist/tex/latex/oberdiek/auxhook.sty
Package: auxhook 2016/05/16 v1.4 Hooks for auxiliary files (HO)
)
(/usr/local/texlive/2017/texmf-dist/tex/latex/oberdiek/kvoptions.sty
Package: kvoptions 2016/05/16 v3.12 Key value format for package options (HO)
)
\@linkdim=\dimen103
\Hy@linkcounter=\count88
\Hy@pagecounter=\count89

(/usr/local/texlive/2017/texmf-dist/tex/latex/hyperref/pd1enc.def
File: pd1enc.def 2017/03/14 v6.85a Hyperref: PDFDocEncoding definition (HO)
)
\Hy@SavedSpaceFactor=\count90

(/usr/local/texlive/2017/texmf-dist/tex/latex/latexconfig/hyperref.cfg
File: hyperref.cfg 2002/06/06 v1.2 hyperref configuration of TeXLive
)
Package hyperref Info: Hyper figures OFF on input line 4498.
Package hyperref Info: Link nesting OFF on input line 4503.
Package hyperref Info: Hyper index ON on input line 4506.
Package hyperref Info: Plain pages OFF on input line 4513.
Package hyperref Info: Backreferencing OFF on input line 4518.
Package hyperref Info: Implicit mode ON; LaTeX internals redefined.
Package hyperref Info: Bookmarks ON on input line 4751.
\c@Hy@tempcnt=\count91

(/usr/local/texlive/2017/texmf-dist/tex/latex/url/url.sty
\Urlmuskip=\muskip10
Package: url 2013/09/16  ver 3.4  Verb mode for urls, etc.
)
LaTeX Info: Redefining \url on input line 5104.
\XeTeXLinkMargin=\dimen104
\Fld@menulength=\count92
\Field@Width=\dimen105
\Fld@charsize=\dimen106
Package hyperref Info: Hyper figures OFF on input line 6358.
Package hyperref Info: Link nesting OFF on input line 6363.
Package hyperref Info: Hyper index ON on input line 6366.
Package hyperref Info: backreferencing OFF on input line 6373.
Package hyperref Info: Link coloring OFF on input line 6378.
Package hyperref Info: Link coloring with OCG OFF on input line 6383.
Package hyperref Info: PDF/A mode OFF on input line 6388.
LaTeX Info: Redefining \ref on input line 6428.
LaTeX Info: Redefining \pageref on input line 6432.
\Hy@abspage=\count93
\c@Item=\count94
\c@Hfootnote=\count95
)

Package hyperref Message: Driver (autodetected): hpdftex.

(/usr/local/texlive/2017/texmf-dist/tex/latex/hyperref/hpdftex.def
File: hpdftex.def 2017/03/14 v6.85a Hyperref driver for pdfTeX
\Fld@listcount=\count96
\c@bookmark@seq@number=\count97

(/usr/local/texlive/2017/texmf-dist/tex/latex/oberdiek/rerunfilecheck.sty
Package: rerunfilecheck 2016/05/16 v1.8 Rerun checks for auxiliary files (HO)
Package uniquecounter Info: New unique counter `rerunfilecheck' on input line 2
82.
)
\Hy@SectionHShift=\skip43
)
(/usr/local/texlive/2017/texmf-dist/tex/latex/geometry/geometry.sty
Package: geometry 2010/09/12 v5.6 Page Geometry
\Gm@cnth=\count98
\Gm@cntv=\count99
\c@Gm@tempcnt=\count100
\Gm@bindingoffset=\dimen107
\Gm@wd@mp=\dimen108
\Gm@odd@mp=\dimen109
\Gm@even@mp=\dimen110
\Gm@layoutwidth=\dimen111
\Gm@layoutheight=\dimen112
\Gm@layouthoffset=\dimen113
\Gm@layoutvoffset=\dimen114
\Gm@dimlist=\toks15
)
(/usr/local/texlive/2017/texmf-dist/tex/latex/graphics/graphicx.sty
Package: graphicx 2014/10/28 v1.0g Enhanced LaTeX Graphics (DPC,SPQR)

(/usr/local/texlive/2017/texmf-dist/tex/latex/graphics/graphics.sty
Package: graphics 2017/04/14 v1.1b Standard LaTeX Graphics (DPC,SPQR)

(/usr/local/texlive/2017/texmf-dist/tex/latex/graphics/trig.sty
Package: trig 2016/01/03 v1.10 sin cos tan (DPC)
)
(/usr/local/texlive/2017/texmf-dist/tex/latex/graphics-cfg/graphics.cfg
File: graphics.cfg 2016/06/04 v1.11 sample graphics configuration
)
Package graphics Info: Driver file: pdftex.def on input line 99.

(/usr/local/texlive/2017/texmf-dist/tex/latex/graphics-def/pdftex.def
File: pdftex.def 2017/01/12 v0.06k Graphics/color for pdfTeX
\Gread@gobject=\count101
))
\Gin@req@height=\dimen115
\Gin@req@width=\dimen116
)
(/usr/local/texlive/2017/texmf-dist/tex/latex/tools/verbatim.sty
Package: verbatim 2014/10/28 v1.5q LaTeX2e package for verbatim enhancements
\every@verbatim=\toks16
\verbatim@line=\toks17
\verbatim@in@stream=\read1
)
(/usr/local/texlive/2017/texmf-dist/tex/latex/docmute/docmute.sty
Package: docmute 2012/03/22 v1.4 Input stand-alone documents
)
(/usr/local/texlive/2017/texmf-dist/tex/latex/tools/tabularx.sty
Package: tabularx 2016/02/03 v2.11 `tabularx' package (DPC)

(/usr/local/texlive/2017/texmf-dist/tex/latex/tools/array.sty
Package: array 2016/10/06 v2.4d Tabular extension package (FMi)
\col@sep=\dimen117
\extrarowheight=\dimen118
\NC@list=\toks18
\extratabsurround=\skip44
\backup@length=\skip45
)
\TX@col@width=\dimen119
\TX@old@table=\dimen120
\TX@old@col=\dimen121
\TX@target=\dimen122
\TX@delta=\dimen123
\TX@cols=\count102
\TX@ftn=\toks19
)
(/usr/local/texlive/2017/texmf-dist/tex/latex/listings/listings.sty
\lst@mode=\count103
\lst@gtempboxa=\box26
\lst@token=\toks20
\lst@length=\count104
\lst@currlwidth=\dimen124
\lst@column=\count105
\lst@pos=\count106
\lst@lostspace=\dimen125
\lst@width=\dimen126
\lst@newlines=\count107
\lst@lineno=\count108
\lst@maxwidth=\dimen127

(/usr/local/texlive/2017/texmf-dist/tex/latex/listings/lstmisc.sty
File: lstmisc.sty 2015/06/04 1.6 (Carsten Heinz)
\c@lstnumber=\count109
\lst@skipnumbers=\count110
\lst@framebox=\box27
)
(/usr/local/texlive/2017/texmf-dist/tex/latex/listings/listings.cfg
File: listings.cfg 2015/06/04 1.6 listings configuration
))
Package: listings 2015/06/04 1.6 (Carsten Heinz)

(/usr/local/texlive/2017/texmf-dist/tex/latex/minted/minted.sty
Package: minted 2016/10/31 v2.4.1 Yet another Pygments shim for LaTeX

(/usr/local/texlive/2017/texmf-dist/tex/latex/fvextra/fvextra.sty
Package: fvextra 2016/09/02 v1.2.1 fvextra - extensions and patches for fancyvr
b

(/usr/local/texlive/2017/texmf-dist/tex/latex/base/ifthen.sty
Package: ifthen 2014/09/29 v1.1c Standard LaTeX ifthen package (DPC)
)
(/usr/local/texlive/2017/texmf-dist/tex/latex/etoolbox/etoolbox.sty
Package: etoolbox 2017/01/02 v2.4 e-TeX tools for LaTeX (JAW)
\etb@tempcnta=\count111
)
(/usr/local/texlive/2017/texmf-dist/tex/latex/fancyvrb/fancyvrb.sty
Package: fancyvrb 2008/02/07

Style option: `fancyvrb' v2.7a, with DG/SPQR fixes, and firstline=lastline fix 
<2008/02/07> (tvz)
\FV@CodeLineNo=\count112
\FV@InFile=\read2
\FV@TabBox=\box28
\c@FancyVerbLine=\count113
\FV@StepNumber=\count114
\FV@OutFile=\write3
)
(/usr/local/texlive/2017/texmf-dist/tex/latex/upquote/upquote.sty
Package: upquote 2012/04/19 v1.3 upright-quote and grave-accent glyphs in verba
tim
)
(/usr/local/texlive/2017/texmf-dist/tex/latex/lineno/lineno.sty
Package: lineno 2005/11/02 line numbers on paragraphs v4.41
\linenopenalty=\count115
\output=\toks21
\linenoprevgraf=\count116
\linenumbersep=\dimen128
\linenumberwidth=\dimen129
\c@linenumber=\count117
\c@pagewiselinenumber=\count118
\c@LN@truepage=\count119
\c@internallinenumber=\count120
\c@internallinenumbers=\count121
\quotelinenumbersep=\dimen130
\bframerule=\dimen131
\bframesep=\dimen132
\bframebox=\box29
LaTeX Info: Redefining \\ on input line 3056.
)
\c@FV@TrueTabGroupLevel=\count122
\c@FV@TrueTabCounter=\count123
\FV@TabBox@Group=\box30
\FV@TmpLength=\skip46
\c@FV@HighlightLinesStart=\count124
\c@FV@HighlightLinesStop=\count125
\FV@BreakIndent=\dimen133
\FV@BreakSymbolSepLeft=\dimen134
\FV@BreakSymbolSepRight=\dimen135
\FV@BreakSymbolIndentLeft=\dimen136
\FV@BreakSymbolIndentRight=\dimen137
\c@FancyVerbLineBreakLast=\count126
\FV@LineBox=\box31
\FV@LineIndentBox=\box32
)
(/usr/local/texlive/2017/texmf-dist/tex/latex/float/float.sty
Package: float 2001/11/08 v1.3d Float enhancements (AL)
\c@float@type=\count127
\float@exts=\toks22
\float@box=\box33
\@float@everytoks=\toks23
\@floatcapt=\box34
)
(/usr/local/texlive/2017/texmf-dist/tex/latex/tools/calc.sty
Package: calc 2014/10/28 v4.3 Infix arithmetic (KKT,FJ)
\calc@Acount=\count128
\calc@Bcount=\count129
\calc@Adimen=\dimen138
\calc@Bdimen=\dimen139
\calc@Askip=\skip47
\calc@Bskip=\skip48
LaTeX Info: Redefining \setlength on input line 80.
LaTeX Info: Redefining \addtolength on input line 81.
\calc@Ccount=\count130
\calc@Cskip=\skip49
)
(/usr/local/texlive/2017/texmf-dist/tex/latex/tools/shellesc.sty
Package: shellesc 2016/06/07 v0.02a unified shell escape interface for LaTeX
Package shellesc Info: Unrestricted shell escape enabled on input line 67.
)
(/usr/local/texlive/2017/texmf-dist/tex/latex/ifplatform/ifplatform.sty
Package: ifplatform 2010/10/22 v0.4 Testing for the operating system

(/usr/local/texlive/2017/texmf-dist/tex/generic/oberdiek/catchfile.sty
Package: catchfile 2016/05/16 v1.7 Catch the contents of a file (HO)
)
runsystem(uname -s > "dissertation.w18")...executed.


(./dissertation.w18)
runsystem(rm -- "dissertation.w18")...executed.

)
(/usr/local/texlive/2017/texmf-dist/tex/generic/xstring/xstring.sty
(/usr/local/texlive/2017/texmf-dist/tex/generic/xstring/xstring.tex
\@xs@message=\write4
\integerpart=\count131
\decimalpart=\count132
)
Package: xstring 2013/10/13  v1.7c  String manipulations (C Tellechea)
)
(/usr/local/texlive/2017/texmf-dist/tex/latex/framed/framed.sty
Package: framed 2011/10/22 v 0.96: framed or shaded text with page breaks
\OuterFrameSep=\skip50
\fb@frw=\dimen140
\fb@frh=\dimen141
\FrameRule=\dimen142
\FrameSep=\dimen143
)
\minted@appexistsfile=\read3
\minted@bgbox=\box35
\minted@code=\write5
\c@minted@FancyVerbLineTemp=\count133
\c@minted@pygmentizecounter=\count134
\@float@every@listing=\toks24
\c@listing=\count135
)
runsystem(mkdir -p _minted-dissertation)...executed.


(/usr/local/texlive/2017/texmf-dist/tex/generic/babel/babel.sty
Package: babel 2017/05/19 3.10 The Babel package

(/usr/local/texlive/2017/texmf-dist/tex/generic/babel-english/english.ldf
Language: english 2017/01/24 v3.3q English support from the babel system

(/usr/local/texlive/2017/texmf-dist/tex/generic/babel/babel.def
File: babel.def 2017/05/19 3.10 Babel common definitions
\babel@savecnt=\count136
\U@D=\dimen144
)
\l@canadian = a dialect from \language\l@american 
\l@australian = a dialect from \language\l@british 
\l@newzealand = a dialect from \language\l@british 
))
(/usr/local/texlive/2017/texmf-dist/tex/latex/blindtext/blindtext.sty
Package: blindtext 2012/01/06 V2.0 blindtext-Package

(/usr/local/texlive/2017/texmf-dist/tex/latex/tools/xspace.sty
Package: xspace 2014/10/28 v1.13 Space after command names (DPC,MH)
)
\c@blindtext=\count137
\c@Blindtext=\count138
\c@blind@countparstart=\count139
\blind@countxx=\count140
\blindtext@numBlindtext=\count141
\blind@countyy=\count142
\c@blindlist=\count143
\c@blindlistlevel=\count144
\c@blindlist@level=\count145
\blind@listitem=\count146
\c@blind@listcount=\count147
\c@blind@levelcount=\count148
\blind@mathformula=\count149
\blind@Mathformula=\count150
\c@blind@randomcount=\count151
\c@blind@randommax=\count152
\c@blind@pangramcount=\count153
\c@blind@pangrammax=\count154
)
(/usr/local/texlive/2017/texmf-dist/tex/latex/algorithm2e/algorithm2e.sty
Package: algorithm2e 2013/01/06 v5.00 algorithms environments
\c@AlgoLine=\count155
\algocf@hangindent=\skip51

(/usr/local/texlive/2017/texmf-dist/tex/latex/relsize/relsize.sty
Package: relsize 2013/03/29 ver 4.1
)
********************************************************
Package `algorithm2e' Release 5.1 -- october 19 2015 --
- algorithm2e-announce@lirmm.fr mailing list for announcement about releases
- algorithm2e-discussion@lirmm.fr mailing list for discussion about package
subscribe by emailing sympa@lirmm.fr with 'subscribe <list> <firstname name>'
- Author: Christophe Fiorio (christophe.fiorio@umontpellier.fr)
********************************************************
\skiptotal=\skip52
\skiplinenumber=\skip53
\skiprule=\skip54
\skiphlne=\skip55
\skiptext=\skip56
\skiplength=\skip57
\algomargin=\skip58
\skipalgocfslide=\skip59
\algowidth=\dimen145
\inoutsize=\dimen146
\inoutindent=\dimen147
\interspacetitleruled=\dimen148
\interspacealgoruled=\dimen149
\interspacetitleboxruled=\dimen150
\algocf@ruledwidth=\skip60
\algocf@inoutbox=\box36
\algocf@inputbox=\box37
\AlCapSkip=\skip61
\AlCapHSkip=\skip62
\algoskipindent=\skip63
\algocf@nlbox=\box38
\algocf@hangingbox=\box39
\algocf@untilbox=\box40
\algocf@skipuntil=\skip64
\algocf@capbox=\box41
\algoheightruledefault=\skip65
\algoheightrule=\skip66
\algotitleheightruledefault=\skip67
\algotitleheightrule=\skip68
\c@algocfline=\count156
\c@algocfproc=\count157
\c@algocf=\count158
\algocf@algoframe=\box42
\algocf@algobox=\box43
) (/usr/local/texlive/2017/texmf-dist/tex/latex/xcolor/xcolor.sty
Package: xcolor 2016/05/11 v2.12 LaTeX color extensions (UK)

(/usr/local/texlive/2017/texmf-dist/tex/latex/graphics-cfg/color.cfg
File: color.cfg 2016/01/02 v1.6 sample color configuration
)
Package xcolor Info: Driver file: pdftex.def on input line 225.
Package xcolor Info: Model `cmy' substituted by `cmy0' on input line 1348.
Package xcolor Info: Model `hsb' substituted by `rgb' on input line 1352.
Package xcolor Info: Model `RGB' extended on input line 1364.
Package xcolor Info: Model `HTML' substituted by `rgb' on input line 1366.
Package xcolor Info: Model `Hsb' substituted by `hsb' on input line 1367.
Package xcolor Info: Model `tHsb' substituted by `hsb' on input line 1368.
Package xcolor Info: Model `HSB' substituted by `hsb' on input line 1369.
Package xcolor Info: Model `Gray' substituted by `gray' on input line 1370.
Package xcolor Info: Model `wave' substituted by `hsb' on input line 1371.
)
runsystem(which pygmentize && touch dissertation.aex)...executed.

runsystem(rm dissertation.aex)...executed.


(./dissertation.aux)
\openout1 = `dissertation.aux'.

LaTeX Font Info:    Checking defaults for OML/cmm/m/it on input line 32.
LaTeX Font Info:    ... okay on input line 32.
LaTeX Font Info:    Checking defaults for T1/cmr/m/n on input line 32.
LaTeX Font Info:    ... okay on input line 32.
LaTeX Font Info:    Checking defaults for OT1/cmr/m/n on input line 32.
LaTeX Font Info:    ... okay on input line 32.
LaTeX Font Info:    Checking defaults for OMS/cmsy/m/n on input line 32.
LaTeX Font Info:    ... okay on input line 32.
LaTeX Font Info:    Checking defaults for OMX/cmex/m/n on input line 32.
LaTeX Font Info:    ... okay on input line 32.
LaTeX Font Info:    Checking defaults for U/cmr/m/n on input line 32.
LaTeX Font Info:    ... okay on input line 32.
LaTeX Font Info:    Checking defaults for PD1/pdf/m/n on input line 32.
LaTeX Font Info:    ... okay on input line 32.
\AtBeginShipoutBox=\box44
Package hyperref Info: Link coloring OFF on input line 32.

(/usr/local/texlive/2017/texmf-dist/tex/latex/hyperref/nameref.sty
Package: nameref 2016/05/21 v2.44 Cross-referencing by name of section

(/usr/local/texlive/2017/texmf-dist/tex/generic/oberdiek/gettitlestring.sty
Package: gettitlestring 2016/05/16 v1.5 Cleanup title references (HO)
)
\c@section@level=\count159
)
LaTeX Info: Redefining \ref on input line 32.
LaTeX Info: Redefining \pageref on input line 32.
LaTeX Info: Redefining \nameref on input line 32.

(./dissertation.out) (./dissertation.out)
\@outlinefile=\write6
\openout6 = `dissertation.out'.


*geometry* driver: auto-detecting
*geometry* detected driver: pdftex
*geometry* verbose mode - [ preamble ] result:
* driver: pdftex
* paper: a4paper
* layout: <same size as paper>
* layoutoffset:(h,v)=(0.0pt,0.0pt)
* modes: twoside 
* h-part:(L,W,R)=(71.13188pt, 455.24411pt, 71.13188pt)
* v-part:(T,H,B)=(71.13188pt, 702.78308pt, 71.13188pt)
* \paperwidth=597.50787pt
* \paperheight=845.04684pt
* \textwidth=455.24411pt
* \textheight=702.78308pt
* \oddsidemargin=-1.1381pt
* \evensidemargin=-1.1381pt
* \topmargin=-38.1381pt
* \headheight=12.0pt
* \headsep=25.0pt
* \topskip=12.0pt
* \footskip=30.0pt
* \marginparwidth=85.0pt
* \marginparsep=10.0pt
* \columnsep=10.0pt
* \skip\footins=10.8pt plus 4.0pt minus 2.0pt
* \hoffset=0.0pt
* \voffset=0.0pt
* \mag=1000
* \@twocolumnfalse
* \@twosidetrue
* \@mparswitchtrue
* \@reversemarginfalse
* (1in=72.27pt=25.4mm, 1cm=28.453pt)

(/usr/local/texlive/2017/texmf-dist/tex/context/base/mkii/supp-pdf.mkii
[Loading MPS to PDF converter (version 2006.09.02).]
\scratchcounter=\count160
\scratchdimen=\dimen151
\scratchbox=\box45
\nofMPsegments=\count161
\nofMParguments=\count162
\everyMPshowfont=\toks25
\MPscratchCnt=\count163
\MPscratchDim=\dimen152
\MPnumerator=\count164
\makeMPintoPDFobject=\count165
\everyMPtoPDFconversion=\toks26
) (/usr/local/texlive/2017/texmf-dist/tex/latex/oberdiek/epstopdf-base.sty
Package: epstopdf-base 2016/05/15 v2.6 Base part for package epstopdf

(/usr/local/texlive/2017/texmf-dist/tex/latex/oberdiek/grfext.sty
Package: grfext 2016/05/16 v1.2 Manage graphics extensions (HO)
)
Package epstopdf-base Info: Redefining graphics rule for `.eps' on input line 4
38.
Package grfext Info: Graphics extension search list:
(grfext)             [.png,.pdf,.jpg,.mps,.jpeg,.jbig2,.jb2,.PNG,.PDF,.JPG,.JPE
G,.JBIG2,.JB2,.eps]
(grfext)             \AppendGraphicsExtensions on input line 456.

(/usr/local/texlive/2017/texmf-dist/tex/latex/latexconfig/epstopdf-sys.cfg
File: epstopdf-sys.cfg 2010/07/13 v1.3 Configuration of (r)epstopdf for TeX Liv
e
))
(/usr/local/texlive/2017/texmf-dist/tex/latex/base/textcomp.sty
Package: textcomp 2017/04/05 v2.0i Standard LaTeX package
Package textcomp Info: Sub-encoding information:
(textcomp)               5 = only ISO-Adobe without \textcurrency
(textcomp)               4 = 5 + \texteuro
(textcomp)               3 = 4 + \textohm
(textcomp)               2 = 3 + \textestimated + \textcurrency
(textcomp)               1 = TS1 - \textcircled - \t
(textcomp)               0 = TS1 (full)
(textcomp)             Font families with sub-encoding setting implement
(textcomp)             only a restricted character set as indicated.
(textcomp)             Family '?' is the default used for unknown fonts.
(textcomp)             See the documentation for details.
Package textcomp Info: Setting ? sub-encoding to TS1/1 on input line 79.

(/usr/local/texlive/2017/texmf-dist/tex/latex/base/ts1enc.def
File: ts1enc.def 2001/06/05 v3.0e (jk/car/fm) Standard LaTeX file
)
LaTeX Info: Redefining \oldstylenums on input line 334.
Package textcomp Info: Setting cmr sub-encoding to TS1/0 on input line 349.
Package textcomp Info: Setting cmss sub-encoding to TS1/0 on input line 350.
Package textcomp Info: Setting cmtt sub-encoding to TS1/0 on input line 351.
Package textcomp Info: Setting cmvtt sub-encoding to TS1/0 on input line 352.
Package textcomp Info: Setting cmbr sub-encoding to TS1/0 on input line 353.
Package textcomp Info: Setting cmtl sub-encoding to TS1/0 on input line 354.
Package textcomp Info: Setting ccr sub-encoding to TS1/0 on input line 355.
Package textcomp Info: Setting ptm sub-encoding to TS1/4 on input line 356.
Package textcomp Info: Setting pcr sub-encoding to TS1/4 on input line 357.
Package textcomp Info: Setting phv sub-encoding to TS1/4 on input line 358.
Package textcomp Info: Setting ppl sub-encoding to TS1/3 on input line 359.
Package textcomp Info: Setting pag sub-encoding to TS1/4 on input line 360.
Package textcomp Info: Setting pbk sub-encoding to TS1/4 on input line 361.
Package textcomp Info: Setting pnc sub-encoding to TS1/4 on input line 362.
Package textcomp Info: Setting pzc sub-encoding to TS1/4 on input line 363.
Package textcomp Info: Setting bch sub-encoding to TS1/4 on input line 364.
Package textcomp Info: Setting put sub-encoding to TS1/5 on input line 365.
Package textcomp Info: Setting uag sub-encoding to TS1/5 on input line 366.
Package textcomp Info: Setting ugq sub-encoding to TS1/5 on input line 367.
Package textcomp Info: Setting ul8 sub-encoding to TS1/4 on input line 368.
Package textcomp Info: Setting ul9 sub-encoding to TS1/4 on input line 369.
Package textcomp Info: Setting augie sub-encoding to TS1/5 on input line 370.
Package textcomp Info: Setting dayrom sub-encoding to TS1/3 on input line 371.
Package textcomp Info: Setting dayroms sub-encoding to TS1/3 on input line 372.

Package textcomp Info: Setting pxr sub-encoding to TS1/0 on input line 373.
Package textcomp Info: Setting pxss sub-encoding to TS1/0 on input line 374.
Package textcomp Info: Setting pxtt sub-encoding to TS1/0 on input line 375.
Package textcomp Info: Setting txr sub-encoding to TS1/0 on input line 376.
Package textcomp Info: Setting txss sub-encoding to TS1/0 on input line 377.
Package textcomp Info: Setting txtt sub-encoding to TS1/0 on input line 378.
Package textcomp Info: Setting lmr sub-encoding to TS1/0 on input line 379.
Package textcomp Info: Setting lmdh sub-encoding to TS1/0 on input line 380.
Package textcomp Info: Setting lmss sub-encoding to TS1/0 on input line 381.
Package textcomp Info: Setting lmssq sub-encoding to TS1/0 on input line 382.
Package textcomp Info: Setting lmvtt sub-encoding to TS1/0 on input line 383.
Package textcomp Info: Setting lmtt sub-encoding to TS1/0 on input line 384.
Package textcomp Info: Setting qhv sub-encoding to TS1/0 on input line 385.
Package textcomp Info: Setting qag sub-encoding to TS1/0 on input line 386.
Package textcomp Info: Setting qbk sub-encoding to TS1/0 on input line 387.
Package textcomp Info: Setting qcr sub-encoding to TS1/0 on input line 388.
Package textcomp Info: Setting qcs sub-encoding to TS1/0 on input line 389.
Package textcomp Info: Setting qpl sub-encoding to TS1/0 on input line 390.
Package textcomp Info: Setting qtm sub-encoding to TS1/0 on input line 391.
Package textcomp Info: Setting qzc sub-encoding to TS1/0 on input line 392.
Package textcomp Info: Setting qhvc sub-encoding to TS1/0 on input line 393.
Package textcomp Info: Setting futs sub-encoding to TS1/4 on input line 394.
Package textcomp Info: Setting futx sub-encoding to TS1/4 on input line 395.
Package textcomp Info: Setting futj sub-encoding to TS1/4 on input line 396.
Package textcomp Info: Setting hlh sub-encoding to TS1/3 on input line 397.
Package textcomp Info: Setting hls sub-encoding to TS1/3 on input line 398.
Package textcomp Info: Setting hlst sub-encoding to TS1/3 on input line 399.
Package textcomp Info: Setting hlct sub-encoding to TS1/5 on input line 400.
Package textcomp Info: Setting hlx sub-encoding to TS1/5 on input line 401.
Package textcomp Info: Setting hlce sub-encoding to TS1/5 on input line 402.
Package textcomp Info: Setting hlcn sub-encoding to TS1/5 on input line 403.
Package textcomp Info: Setting hlcw sub-encoding to TS1/5 on input line 404.
Package textcomp Info: Setting hlcf sub-encoding to TS1/5 on input line 405.
Package textcomp Info: Setting pplx sub-encoding to TS1/3 on input line 406.
Package textcomp Info: Setting pplj sub-encoding to TS1/3 on input line 407.
Package textcomp Info: Setting ptmx sub-encoding to TS1/4 on input line 408.
Package textcomp Info: Setting ptmj sub-encoding to TS1/4 on input line 409.
)
\c@lstlisting=\count166
\docmute@nestinglevel=\count167
 [1

{/usr/local/texlive/2017/texmf-var/fonts/map/pdftex/updmap/pdftex.map}] [2

]
Underfull \hbox (badness 7433) in paragraph at lines 70--70
[]|\OT1/cmr/bx/n/14.4 Efficient Asym-met-ric Cryp-tog-ra-phy for
 []


Underfull \hbox (badness 10000) in paragraph at lines 70--72

 []

LaTeX Font Info:    External font `cmex10' loaded for size
(Font)              <12> on input line 79.
LaTeX Font Info:    External font `cmex10' loaded for size
(Font)              <8> on input line 79.
LaTeX Font Info:    External font `cmex10' loaded for size
(Font)              <6> on input line 79.
LaTeX Font Info:    External font `cmex10' loaded for size
(Font)              <5> on input line 79.
[3] [4] [5] [6

] (./dissertation.toc [7])
\tf@toc=\write7
\openout7 = `dissertation.toc'.

 [8] (./dissertation.lof)
\tf@lof=\write8
\openout8 = `dissertation.lof'.

 [9

] [10

]
(./dissertation.lol)
\tf@lol=\write9
\openout9 = `dissertation.lol'.

 [11] [12

]
Chapter 1.
[13]
LaTeX Font Info:    Try loading font information for TS1+cmr on input line 137.

 (/usr/local/texlive/2017/texmf-dist/tex/latex/base/ts1cmr.fd
File: ts1cmr.fd 2014/09/29 v2.5h Standard LaTeX font definitions
) [14]
Package epstopdf Info: Source file: <figures/mifarememory1.eps>
(epstopdf)                    date: 2018-04-12 22:02:43
(epstopdf)                    size: 264805 bytes
(epstopdf)             Output file: <figures/mifarememory1-eps-converted-to.pdf
>
(epstopdf)                    date: 2018-04-12 22:02:47
(epstopdf)                    size: 81948 bytes
(epstopdf)             Command: <epstopdf --outfile=figures/mifarememory1-eps-c
onverted-to.pdf figures/mifarememory1.eps>
(epstopdf)             \includegraphics on input line 148.
Package epstopdf Info: Output file is already uptodate.

<figures/mifarememory1-eps-converted-to.pdf, id=453, 411.5375pt x 322.20375pt>
File: figures/mifarememory1-eps-converted-to.pdf Graphic file (type pdf)

<use figures/mifarememory1-eps-converted-to.pdf>
Package pdftex.def Info: figures/mifarememory1-eps-converted-to.pdf used on inp
ut line 148.
(pdftex.def)             Requested size: 411.5365pt x 322.20296pt.
 [15pdfTeX warning (ext4): destination with the same identifier (name{figure.1.
1}) has been already used, duplicate ignored

\AtBegShi@Output ...ipout \box \AtBeginShipoutBox 
                                                  \fi \fi 
l.154 
       <./figures/mifarememory1-eps-converted-to.pdf>]
Package epstopdf Info: Source file: <figures/mifarememory2.eps>
(epstopdf)                    date: 2018-04-12 22:03:25
(epstopdf)                    size: 212904 bytes
(epstopdf)             Output file: <figures/mifarememory2-eps-converted-to.pdf
>
(epstopdf)                    date: 2018-04-12 22:03:31
(epstopdf)                    size: 83778 bytes
(epstopdf)             Command: <epstopdf --outfile=figures/mifarememory2-eps-c
onverted-to.pdf figures/mifarememory2.eps>
(epstopdf)             \includegraphics on input line 156.
Package epstopdf Info: Output file is already uptodate.

<figures/mifarememory2-eps-converted-to.pdf, id=463, 374.39874pt x 155.58125pt>
File: figures/mifarememory2-eps-converted-to.pdf Graphic file (type pdf)
<use figures/mifarememory2-eps-converted-to.pdf>
Package pdftex.def Info: figures/mifarememory2-eps-converted-to.pdf used on inp
ut line 156.
(pdftex.def)             Requested size: 374.39783pt x 155.58086pt.
 [16pdfTeX warning (ext4): destination with the same identifier (name{figure.1.
2}) has been already used, duplicate ignored

\AtBegShi@Output ...ipout \box \AtBeginShipoutBox 
                                                  \fi \fi 
l.173 
       <./figures/mifarememory2-eps-converted-to.pdf>] [17] [18]
Chapter 2.
[19

]
Package epstopdf Info: Source file: <figures/commandapdu.eps>
(epstopdf)                    date: 2018-04-23 15:45:52
(epstopdf)                    size: 53130 bytes
(epstopdf)             Output file: <figures/commandapdu-eps-converted-to.pdf>
(epstopdf)                    date: 2018-04-23 15:45:59
(epstopdf)                    size: 17565 bytes
(epstopdf)             Command: <epstopdf --outfile=figures/commandapdu-eps-con
verted-to.pdf figures/commandapdu.eps>
(epstopdf)             \includegraphics on input line 237.
Package epstopdf Info: Output file is already uptodate.

<figures/commandapdu-eps-converted-to.pdf, id=503, 358.33875pt x 93.34875pt>
File: figures/commandapdu-eps-converted-to.pdf Graphic file (type pdf)

<use figures/commandapdu-eps-converted-to.pdf>
Package pdftex.def Info: figures/commandapdu-eps-converted-to.pdf used on input
 line 237.
(pdftex.def)             Requested size: 358.33788pt x 93.34851pt.
Package epstopdf Info: Source file: <figures/responseapdu.eps>
(epstopdf)                    date: 2018-04-12 22:01:05
(epstopdf)                    size: 45318 bytes
(epstopdf)             Output file: <figures/responseapdu-eps-converted-to.pdf>

(epstopdf)                    date: 2018-04-12 22:01:14
(epstopdf)                    size: 16812 bytes
(epstopdf)             Command: <epstopdf --outfile=figures/responseapdu-eps-co
nverted-to.pdf figures/responseapdu.eps>
(epstopdf)             \includegraphics on input line 247.
Package epstopdf Info: Output file is already uptodate.

<figures/responseapdu-eps-converted-to.pdf, id=505, 202.7575pt x 93.34875pt>
File: figures/responseapdu-eps-converted-to.pdf Graphic file (type pdf)

<use figures/responseapdu-eps-converted-to.pdf>
Package pdftex.def Info: figures/responseapdu-eps-converted-to.pdf used on inpu
t line 247.
(pdftex.def)             Requested size: 202.757pt x 93.34851pt.
 [20pdfTeX warning (ext4): destination with the same identifier (name{figure.2.
1}) has been already used, duplicate ignored

\AtBegShi@Output ...ipout \box \AtBeginShipoutBox 
                                                  \fi \fi 
l.255 
       <./figures/commandapdu-eps-converted-to.pdf>]
Package epstopdf Info: Source file: <figures/capconverter.eps>
(epstopdf)                    date: 2018-04-12 22:00:08
(epstopdf)                    size: 46987 bytes
(epstopdf)             Output file: <figures/capconverter-eps-converted-to.pdf>

(epstopdf)                    date: 2018-04-12 22:00:14
(epstopdf)                    size: 10629 bytes
(epstopdf)             Command: <epstopdf --outfile=figures/capconverter-eps-co
nverted-to.pdf figures/capconverter.eps>
(epstopdf)             \includegraphics on input line 265.
Package epstopdf Info: Output file is already uptodate.

<figures/capconverter-eps-converted-to.pdf, id=515, 466.74374pt x 82.3075pt>
File: figures/capconverter-eps-converted-to.pdf Graphic file (type pdf)

<use figures/capconverter-eps-converted-to.pdf>
Package pdftex.def Info: figures/capconverter-eps-converted-to.pdf used on inpu
t line 265.
(pdftex.def)             Requested size: 466.7426pt x 82.30728pt.
 [21pdfTeX warning (ext4): destination with the same identifier (name{figure.2.
2}) has been already used, duplicate ignored

\AtBegShi@Output ...ipout \box \AtBeginShipoutBox 
                                                  \fi \fi 
l.268 \end{figure}
                   <./figures/responseapdu-eps-converted-to.pdf>]
Package epstopdf Info: Source file: <figures/appletlifecycle.eps>
(epstopdf)                    date: 2018-04-12 22:33:50
(epstopdf)                    size: 161540 bytes
(epstopdf)             Output file: <figures/appletlifecycle-eps-converted-to.p
df>
(epstopdf)                    date: 2018-04-12 22:35:46
(epstopdf)                    size: 38186 bytes
(epstopdf)             Command: <epstopdf --outfile=figures/appletlifecycle-eps
-converted-to.pdf figures/appletlifecycle.eps>
(epstopdf)             \includegraphics on input line 284.
Package epstopdf Info: Output file is already uptodate.

<figures/appletlifecycle-eps-converted-to.pdf, id=526, 483.8075pt x 255.95625pt
>
File: figures/appletlifecycle-eps-converted-to.pdf Graphic file (type pdf)
 <use figures/appletlifecycle-eps-converted-to.pdf>
Package pdftex.def Info: figures/appletlifecycle-eps-converted-to.pdf used on i
nput line 284.
(pdftex.def)             Requested size: 483.80632pt x 255.95561pt.
 [22pdfTeX warning (ext4): destination with the same identifier (name{figure.2.
3}) has been already used, duplicate ignored

\AtBegShi@Output ...ipout \box \AtBeginShipoutBox 
                                                  \fi \fi 
l.296 
       <./figures/capconverter-eps-converted-to.pdf>] [23pdfTeX warning (ext4):
 destination with the same identifier (name{figure.2.4}) has been already used,
 duplicate ignored

\AtBegShi@Output ...ipout \box \AtBeginShipoutBox 
                                                  \fi \fi 
l.310 \item I
             dentiv SCL3711 -- A USB smartcard reader. I had originally inte...
 <./figures/appletlifecycle-eps-converted-to.pdf>]
Package hyperref Info: bookmark level for unknown lstlisting defaults to 0 on i
nput line 319.
 [24]
Underfull \hbox (badness 10000) in paragraph at lines 341--342
[]\OT1/cmtt/m/n/12 open[]sc -security 1 -keyind 0 -keyver 0 -mac[]key
 []


Overfull \hbox (29.3518pt too wide) in paragraph at lines 341--342
\OT1/cmtt/m/n/12 404142434445464748494a4b4c4d4e4f -enc[]key 4041424344454647484
94a4b4c4d4e4f
 []


Underfull \hbox (badness 10000) in paragraph at lines 343--344
[]\OT1/cmtt/m/n/12 install -file opacity[]fs[]impl.cap -sdAID a000000003000000 
-priv 2
 []


Underfull \hbox (badness 3701) in paragraph at lines 358--359
\OT1/cmr/m/n/12 Four ex-ter-nal li-braries were used in this project. The first
 of these was
 []


Underfull \hbox (badness 5316) in paragraph at lines 358--359
\OT1/cmr/m/n/12 the Apache Com-mons Codec [[]] li-brary, which was use-ful be-c
ause of the
 []


Underfull \hbox (badness 1325) in paragraph at lines 358--359
\OT1/cmtt/m/n/12 org.apache.commons.codec.binary.Hex \OT1/cmr/m/n/12 class, spe
cif-i-cally the \OT1/cmtt/m/n/12 encodeHexString()
 []

[25] [26]
Chapter 3.
<figures/provisionhelp.png, id=594, 542.025pt x 248.93pt>
File: figures/provisionhelp.png Graphic file (type png)

<use figures/provisionhelp.png>
Package pdftex.def Info: figures/provisionhelp.png used on input line 376.
(pdftex.def)             Requested size: 379.4149pt x 174.2498pt.
 [27

] [28pdfTeX warning (ext4): destination with the same identifier (name{figure.3
.1}) has been already used, duplicate ignored

\AtBegShi@Output ...ipout \box \AtBeginShipoutBox 
                                                  \fi \fi 
l.406 
       <./figures/provisionhelp.png>]
Package epstopdf Info: Source file: <figures/provisioningprotocol.eps>
(epstopdf)                    date: 2018-04-16 00:55:03
(epstopdf)                    size: 176594 bytes
(epstopdf)             Output file: <figures/provisioningprotocol-eps-converted
-to.pdf>
(epstopdf)                    date: 2018-04-16 00:56:42
(epstopdf)                    size: 59613 bytes
(epstopdf)             Command: <epstopdf --outfile=figures/provisioningprotoco
l-eps-converted-to.pdf figures/provisioningprotocol.eps>
(epstopdf)             \includegraphics on input line 408.
Package epstopdf Info: Output file is already uptodate.

<figures/provisioningprotocol-eps-converted-to.pdf, id=610, 469.755pt x 449.68p
t>
File: figures/provisioningprotocol-eps-converted-to.pdf Graphic file (type pdf)

 <use figures/provisioningprotocol-eps-converted-to.pdf>
Package pdftex.def Info: figures/provisioningprotocol-eps-converted-to.pdf used
 on input line 408.
(pdftex.def)             Requested size: 375.80452pt x 359.74448pt.
 [29pdfTeX warning (ext4): destination with the same identifier (name{figure.3.
2}) has been already used, duplicate ignored

\AtBegShi@Output ...ipout \box \AtBeginShipoutBox 
                                                  \fi \fi 
l.416 
       <./figures/provisioningprotocol-eps-converted-to.pdf>] [30]
Package epstopdf Info: Source file: <figures/basicauth.eps>
(epstopdf)                    date: 2018-04-16 01:54:33
(epstopdf)                    size: 360489 bytes
(epstopdf)             Output file: <figures/basicauth-eps-converted-to.pdf>
(epstopdf)                    date: 2018-04-16 01:54:38
(epstopdf)                    size: 110671 bytes
(epstopdf)             Command: <epstopdf --outfile=figures/basicauth-eps-conve
rted-to.pdf figures/basicauth.eps>
(epstopdf)             \includegraphics on input line 448.
Package epstopdf Info: Output file is already uptodate.

<figures/basicauth-eps-converted-to.pdf, id=633, 469.755pt x 350.30875pt>
File: figures/basicauth-eps-converted-to.pdf Graphic file (type pdf)

<use figures/basicauth-eps-converted-to.pdf>
Package pdftex.def Info: figures/basicauth-eps-converted-to.pdf used on input l
ine 448.
(pdftex.def)             Requested size: 375.80452pt x 280.24738pt.
 [31pdfTeX warning (ext4): destination with the same identifier (name{figure.3.
3}) has been already used, duplicate ignored

\AtBegShi@Output ...ipout \box \AtBeginShipoutBox 
                                                  \fi \fi 
l.459 
       <./figures/basicauth-eps-converted-to.pdf>]
Package epstopdf Info: Source file: <figures/mutualauth.eps>
(epstopdf)                    date: 2018-04-16 17:21:08
(epstopdf)                    size: 551358 bytes
(epstopdf)             Output file: <figures/mutualauth-eps-converted-to.pdf>
(epstopdf)                    date: 2018-04-16 17:21:14
(epstopdf)                    size: 207824 bytes
(epstopdf)             Command: <epstopdf --outfile=figures/mutualauth-eps-conv
erted-to.pdf figures/mutualauth.eps>
(epstopdf)             \includegraphics on input line 463.
Package epstopdf Info: Output file is already uptodate.

<figures/mutualauth-eps-converted-to.pdf, id=650, 491.8375pt x 724.7075pt>
File: figures/mutualauth-eps-converted-to.pdf Graphic file (type pdf)

<use figures/mutualauth-eps-converted-to.pdf>
Package pdftex.def Info: figures/mutualauth-eps-converted-to.pdf used on input 
line 463.
(pdftex.def)             Requested size: 393.47052pt x 579.76678pt.
 [32]

Package hyperref Warning: No autoref name for `listing' on input line 494.

\openout3 = `dissertation.pyg'.

(./_minted-dissertation/default-pyg-prefix.pygstyle)
(./_minted-dissertation/default.pygstyle)
(./_minted-dissertation/973EA2B201F3EC6C55EFA4E9574C474ED4CEE09E523CA3C1AF283CD
4A9B4518A.pygtex
LaTeX Font Info:    Font shape `OT1/cmtt/bx/n' in size <12> not available
(Font)              Font shape `OT1/cmtt/m/n' tried instead on input line 2.
)
Package hyperref Info: bookmark level for unknown listing defaults to 0 on inpu
t line 508.
 [33] [34]

Package hyperref Warning: No autoref name for `listing' on input line 547.

\openout3 = `dissertation.pyg'.


(./_minted-dissertation/9FF0A8421D3581F8DD27595DF1D253C0D4CEE09E523CA3C1AF283CD
4A9B4518A.pygtex)

LaTeX Warning: `h' float specifier changed to `ht'.


Package hyperref Warning: No autoref name for `listing' on input line 570.

\openout3 = `dissertation.pyg'.


(./_minted-dissertation/38A9828B4889F29F31AB2E98644B3022D4CEE09E523CA3C1AF283CD
4A9B4518A.pygtex)

LaTeX Warning: `h' float specifier changed to `ht'.


Package hyperref Warning: No autoref name for `listing' on input line 588.

[35]
\openout3 = `dissertation.pyg'.


(./_minted-dissertation/0FA66B84F28D73C95B5C876B2F587FCED4CEE09E523CA3C1AF283CD
4A9B4518A.pygtex) [36]

Package hyperref Warning: No autoref name for `listing' on input line 605.

\openout3 = `dissertation.pyg'.


(./_minted-dissertation/07A3EFF845355EA3B7BE9D1C0AC6F2DDD4CEE09E523CA3C1AF283CD
4A9B4518A.pygtex) [37]

Package hyperref Warning: No autoref name for `listing' on input line 646.

\openout3 = `dissertation.pyg'.


(./_minted-dissertation/C1FDC7626B092D91E401542C3DB590DAD4CEE09E523CA3C1AF283CD
4A9B4518A.pygtex)

Package hyperref Warning: No autoref name for `listing' on input line 660.

\openout3 = `dissertation.pyg'.


(./_minted-dissertation/B7D8C34045C83EF33497FAF0BF659424D4CEE09E523CA3C1AF283CD
4A9B4518A.pygtex)

Package hyperref Warning: No autoref name for `listing' on input line 671.

\openout3 = `dissertation.pyg'.


(./_minted-dissertation/B988B3F160A5B610F67D9764807CF85DD4CEE09E523CA3C1AF283CD
4A9B4518A.pygtex) [38] [39pdfTeX warning (ext4): destination with the same iden
tifier (name{figure.3.4}) has been already used, duplicate ignored

\AtBegShi@Output ...ipout \box \AtBeginShipoutBox 
                                                  \fi \fi 
l.682 \chapter
              {Evaluation} <./figures/mutualauth-eps-converted-to.pdf>]
[40

]
Chapter 4.

Package hyperref Warning: No autoref name for `listing' on input line 688.

\openout3 = `dissertation.pyg'.


(./_minted-dissertation/116842139186C8E11C485699B8CEF90DD52FAB91481C80287F54123
5105B7BE2.pygtex)

LaTeX Warning: `h' float specifier changed to `ht'.


Package hyperref Warning: No autoref name for `listing' on input line 734.

\openout3 = `dissertation.pyg'.


(./_minted-dissertation/CD42FBC1A6F4772114BDC58E9D76333AD52FAB91481C80287F54123
5105B7BE2.pygtex)

LaTeX Warning: `h' float specifier changed to `ht'.


Package hyperref Warning: No autoref name for `listing' on input line 766.

[41]
\openout3 = `dissertation.pyg'.


(./_minted-dissertation/B7ABEB83DCE0B38B564EB16DF78B4380D52FAB91481C80287F54123
5105B7BE2.pygtex)

LaTeX Warning: `h' float specifier changed to `ht'.

Package epstopdf Info: Source file: <figures/basicauthplot.eps>
(epstopdf)                    date: 2018-04-23 18:23:00
(epstopdf)                    size: 40976 bytes
(epstopdf)             Output file: <figures/basicauthplot-eps-converted-to.pdf
>
(epstopdf)                    date: 2018-04-23 18:23:06
(epstopdf)                    size: 40060 bytes
(epstopdf)             Command: <epstopdf --outfile=figures/basicauthplot-eps-c
onverted-to.pdf figures/basicauthplot.eps>
(epstopdf)             \includegraphics on input line 808.
Package epstopdf Info: Output file is already uptodate.
<figures/basicauthplot-eps-converted-to.pdf, id=731, 562.1pt x 421.575pt>
File: figures/basicauthplot-eps-converted-to.pdf Graphic file (type pdf)

<use figures/basicauthplot-eps-converted-to.pdf>
Package pdftex.def Info: figures/basicauthplot-eps-converted-to.pdf used on inp
ut line 808.
(pdftex.def)             Requested size: 449.68062pt x 337.26045pt.
 [42pdfTeX warning (ext4): destination with the same identifier (name{figure.4.
1}) has been already used, duplicate ignored

\AtBegShi@Output ...ipout \box \AtBeginShipoutBox 
                                                  \fi \fi 
l.816 
       <./figures/basicauthplot-eps-converted-to.pdf>]
Package epstopdf Info: Source file: <figures/mutualauthplot.eps>
(epstopdf)                    date: 2018-04-23 18:22:38
(epstopdf)                    size: 46532 bytes
(epstopdf)             Output file: <figures/mutualauthplot-eps-converted-to.pd
f>
(epstopdf)                    date: 2018-04-23 18:23:07
(epstopdf)                    size: 86075 bytes
(epstopdf)             Command: <epstopdf --outfile=figures/mutualauthplot-eps-
converted-to.pdf figures/mutualauthplot.eps>
(epstopdf)             \includegraphics on input line 818.
Package epstopdf Info: Output file is already uptodate.

<figures/mutualauthplot-eps-converted-to.pdf, id=743, 562.1pt x 421.575pt>
File: figures/mutualauthplot-eps-converted-to.pdf Graphic file (type pdf)

<use figures/mutualauthplot-eps-converted-to.pdf>
Package pdftex.def Info: figures/mutualauthplot-eps-converted-to.pdf used on in
put line 818.
(pdftex.def)             Requested size: 449.68062pt x 337.26045pt.
 [43pdfTeX warning (ext4): destination with the same identifier (name{figure.4.
2}) has been already used, duplicate ignored

\AtBegShi@Output ...ipout \box \AtBeginShipoutBox 
                                                  \fi \fi 
l.829 
       <./figures/mutualauthplot-eps-converted-to.pdf>] [44] [45] [46] [47]
[48] [49] [50

]
Chapter 5.
[51] (./dissertation.bbl [52]
Underfull \hbox (badness 10000) in paragraph at lines 12--14
[]\OT1/cmr/m/n/12 Apache Com-mons Codec.  []$\OT1/cmtt/m/n/12 https : / / commo
ns . apache . org / proper /
 []


Underfull \hbox (badness 5490) in paragraph at lines 28--31
[]\OT1/cmr/m/n/12 Writing a JavaC-ard ap-plet.  []$\OT1/cmtt/m/n/12 http : / / 
www . oracle . com / technetwork / java /
 []


Underfull \hbox (badness 10000) in paragraph at lines 57--62
\OT1/cmtt/m/n/12 / / nvlpubs . nist . gov / nistpubs / Legacy / SP / nistspecia
lpublication800-[]56ar .
 []

[53

]
Underfull \hbox (badness 2671) in paragraph at lines 77--81
\OT1/cmr/m/n/12 Wire-lessly pick-pock-et-ing a MI-FARE Clas-sic card.  []$\OT1/
cmtt/m/n/12 http : / / www . cs . ru . nl /
 []


Underfull \hbox (badness 1127) in paragraph at lines 90--95
[]\OT1/cmr/m/n/12 Eric Le Saint, Dom Fe-dronic, and Steven Liu.  Open Pro-to-co
l for Ac-cess
 []

) [54]
Appendix A.
(../proposal/proposal.tex [55

] [56] [57] [58]) [59] [60

]
Appendix B.
\openout3 = `dissertation.pyg'.


(./_minted-dissertation/4103B39439E4DDEE1BF1C9D0904A6BA71F50B4A7FFBE90BF50882A8
0E17A3E57.pygtex
Overfull \hbox (1.70612pt too wide) in paragraph at lines 8--8
[]\OT1/cmtt/m/n/12 sources=[][]"/Users/jacobfenton/Desktop/piiproj/opacity_fs_i
mpl/src/[]|  
 []


Overfull \hbox (14.05612pt too wide) in paragraph at lines 10--10
[]\OT1/cmtt/m/n/12 class=[][]"org.bitbucket.jfent.opacity_fs_impl.OpacityForwar
dSecrecy 
 []

[61])
Package atveryend Info: Empty hook `BeforeClearDocument' on input line 942.
 [62]
Package atveryend Info: Empty hook `AfterLastShipout' on input line 942.
 (./dissertation.aux)
Package atveryend Info: Executing hook `AtVeryEndDocument' on input line 942.
Package atveryend Info: Executing hook `AtEndAfterFileList' on input line 942.
Package rerunfilecheck Info: File `dissertation.out' has not changed.
(rerunfilecheck)             Checksum: A7F1F2DB9786C4CA0BFEAA7FCC6853DD;4303.
Package atveryend Info: Empty hook `AtVeryVeryEnd' on input line 942.
 )
(\end occurred inside a group at level 1)

### simple group (level 1) entered at line 1061 ({)
### bottom level 
Here is how much of TeX's memory you used:
 12590 strings out of 492995
 204584 string characters out of 6132704
 391323 words of memory out of 5000000
 15682 multiletter control sequences out of 15000+600000
 11730 words of font info for 42 fonts, out of 8000000 for 9000
 1141 hyphenation exceptions out of 8191
 31i,11n,38p,2605b,3770s stack positions out of 5000i,500n,10000p,200000b,80000s
{/usr/local/texlive/2017/texmf-dist/fonts/enc/dvips/cm-super/cm
-super-ts1.enc}</usr/local/texlive/2017/texmf-dist/fonts/type1/public/amsfonts/
cm/cmbx12.pfb></usr/local/texlive/2017/texmf-dist/fonts/type1/public/amsfonts/c
m/cmitt10.pfb></usr/local/texlive/2017/texmf-dist/fonts/type1/public/amsfonts/c
m/cmmi12.pfb></usr/local/texlive/2017/texmf-dist/fonts/type1/public/amsfonts/cm
/cmmi6.pfb></usr/local/texlive/2017/texmf-dist/fonts/type1/public/amsfonts/cm/c
mmi8.pfb></usr/local/texlive/2017/texmf-dist/fonts/type1/public/amsfonts/cm/cmr
10.pfb></usr/local/texlive/2017/texmf-dist/fonts/type1/public/amsfonts/cm/cmr12
.pfb></usr/local/texlive/2017/texmf-dist/fonts/type1/public/amsfonts/cm/cmr17.p
fb></usr/local/texlive/2017/texmf-dist/fonts/type1/public/amsfonts/cm/cmr6.pfb>
</usr/local/texlive/2017/texmf-dist/fonts/type1/public/amsfonts/cm/cmr7.pfb></u
sr/local/texlive/2017/texmf-dist/fonts/type1/public/amsfonts/cm/cmr8.pfb></usr/
local/texlive/2017/texmf-dist/fonts/type1/public/amsfonts/cm/cmsl12.pfb></usr/l
ocal/texlive/2017/texmf-dist/fonts/type1/public/amsfonts/cm/cmsy10.pfb></usr/lo
cal/texlive/2017/texmf-dist/fonts/type1/public/amsfonts/cm/cmsy6.pfb></usr/loca
l/texlive/2017/texmf-dist/fonts/type1/public/amsfonts/cm/cmsy8.pfb></usr/local/
texlive/2017/texmf-dist/fonts/type1/public/amsfonts/cm/cmti12.pfb></usr/local/t
exlive/2017/texmf-dist/fonts/type1/public/amsfonts/cm/cmtt10.pfb></usr/local/te
xlive/2017/texmf-dist/fonts/type1/public/amsfonts/cm/cmtt12.pfb></usr/local/tex
live/2017/texmf-dist/fonts/type1/public/cm-super/sfrm1200.pfb>
Output written on dissertation.pdf (62 pages, 1127255 bytes).
PDF statistics:
 1000 PDF objects out of 1000 (max. 8388607)
 887 compressed objects within 9 object streams
 240 named destinations out of 1000 (max. 500000)
 549 words of extra memory for PDF output out of 10000 (max. 10000000)

